2019-11-11 14:37:40,078 [Worker-1: Loading available Gradle versions] INFO  o.e.b.c.i.u.g.PublishedGradleVersions - Gradle version information cache is up-to-date. Trying to read.
2019-11-11 14:39:11,476 [Worker-13: Importing Maven projects] INFO  o.e.m.c.i.l.LifecycleMappingFactory - Using org.eclipse.m2e.jdt.JarLifecycleMapping lifecycle mapping for MavenProject: com.example:eureka-server-demo:0.0.1-SNAPSHOT @ E:\springboot_microservices_4\eureka-server-demo\pom.xml.
2019-11-11 14:39:27,520 [Worker-13: Importing Maven projects] INFO  o.e.m.c.i.embedder.EclipseLogger - Using 'UTF-8' encoding to copy filtered resources.
2019-11-11 14:39:27,527 [Worker-13: Importing Maven projects] INFO  o.e.m.c.i.embedder.EclipseLogger - Copying 1 resource
2019-11-11 14:39:27,553 [Worker-13: Importing Maven projects] INFO  o.e.m.c.i.embedder.EclipseLogger - Copying 0 resource
2019-11-11 14:39:27,556 [Worker-13: Importing Maven projects] INFO  o.e.m.c.i.embedder.EclipseLogger - Using 'UTF-8' encoding to copy filtered resources.
2019-11-11 14:39:27,556 [Worker-13: Importing Maven projects] INFO  o.e.m.c.i.embedder.EclipseLogger - skip non existing resourceDirectory E:\springboot_microservices_4\eureka-server-demo\src\test\resources
2019-11-11 14:39:30,739 [Worker-13: Importing Maven projects] INFO  o.e.m.j.i.AbstractJavaProjectConfigurator - Adding source folder /eureka-server-demo/src/main/java
2019-11-11 14:39:30,740 [Worker-13: Importing Maven projects] INFO  o.e.m.j.i.AbstractJavaProjectConfigurator - Adding resource folder /eureka-server-demo/src/main/resources
2019-11-11 14:39:30,740 [Worker-13: Importing Maven projects] INFO  o.e.m.j.i.AbstractJavaProjectConfigurator - Adding resource folder /eureka-server-demo/src/main/resources
2019-11-11 14:39:30,741 [Worker-13: Importing Maven projects] INFO  o.e.m.j.i.AbstractJavaProjectConfigurator - Adding source folder /eureka-server-demo/src/test/java
2019-11-11 14:39:33,218 [Worker-13: Importing Maven projects] INFO  o.e.m.c.i.embedder.EclipseLogger - Using 'UTF-8' encoding to copy filtered resources.
2019-11-11 14:39:33,222 [Worker-13: Importing Maven projects] INFO  o.e.m.c.i.embedder.EclipseLogger - Copying 1 resource
2019-11-11 14:39:33,237 [Worker-13: Importing Maven projects] INFO  o.e.m.c.i.embedder.EclipseLogger - Copying 0 resource
2019-11-11 14:39:33,239 [Worker-13: Importing Maven projects] INFO  o.e.m.c.i.embedder.EclipseLogger - Using 'UTF-8' encoding to copy filtered resources.
2019-11-11 14:39:33,239 [Worker-13: Importing Maven projects] INFO  o.e.m.c.i.embedder.EclipseLogger - skip non existing resourceDirectory E:\springboot_microservices_4\eureka-server-demo\src\test\resources
2019-11-11 14:39:33,517 [Worker-13: Importing Maven projects] INFO  o.e.m.c.i.p.ProjectConfigurationManager - Imported and configured 1 project(s) in 36 sec
2019-11-11 14:39:39,034 [Worker-11: Building workspace] INFO  o.e.m.c.i.embedder.EclipseLogger - Using 'UTF-8' encoding to copy filtered resources.
2019-11-11 14:39:39,035 [Worker-11: Building workspace] INFO  o.e.m.c.i.embedder.EclipseLogger - Copying 0 resource
2019-11-11 14:39:39,035 [Worker-11: Building workspace] INFO  o.e.m.c.i.embedder.EclipseLogger - Copying 0 resource
2019-11-11 14:39:39,037 [Worker-11: Building workspace] INFO  o.e.m.c.i.embedder.EclipseLogger - Using 'UTF-8' encoding to copy filtered resources.
2019-11-11 14:39:39,037 [Worker-11: Building workspace] INFO  o.e.m.c.i.embedder.EclipseLogger - skip non existing resourceDirectory E:\springboot_microservices_4\eureka-server-demo\src\test\resources
2019-11-11 14:40:26,732 [Worker-6: Importing Maven projects] INFO  o.e.m.c.i.l.LifecycleMappingFactory - Using org.eclipse.m2e.jdt.JarLifecycleMapping lifecycle mapping for MavenProject: com.example:admin-server:0.0.1-SNAPSHOT @ E:\springboot_microservices_4\admin-server\pom.xml.
2019-11-11 14:40:28,775 [Worker-6: Importing Maven projects] INFO  o.e.m.c.i.embedder.EclipseLogger - Using 'UTF-8' encoding to copy filtered resources.
2019-11-11 14:40:28,776 [Worker-6: Importing Maven projects] INFO  o.e.m.c.i.embedder.EclipseLogger - Copying 1 resource
2019-11-11 14:40:28,784 [Worker-6: Importing Maven projects] INFO  o.e.m.c.i.embedder.EclipseLogger - Copying 0 resource
2019-11-11 14:40:28,786 [Worker-6: Importing Maven projects] INFO  o.e.m.c.i.embedder.EclipseLogger - Using 'UTF-8' encoding to copy filtered resources.
2019-11-11 14:40:28,787 [Worker-6: Importing Maven projects] INFO  o.e.m.c.i.embedder.EclipseLogger - skip non existing resourceDirectory E:\springboot_microservices_4\admin-server\src\test\resources
2019-11-11 14:40:30,038 [Worker-6: Importing Maven projects] INFO  o.e.m.j.i.AbstractJavaProjectConfigurator - Adding source folder /admin-server/src/main/java
2019-11-11 14:40:30,039 [Worker-6: Importing Maven projects] INFO  o.e.m.j.i.AbstractJavaProjectConfigurator - Adding resource folder /admin-server/src/main/resources
2019-11-11 14:40:30,039 [Worker-6: Importing Maven projects] INFO  o.e.m.j.i.AbstractJavaProjectConfigurator - Adding resource folder /admin-server/src/main/resources
2019-11-11 14:40:30,040 [Worker-6: Importing Maven projects] INFO  o.e.m.j.i.AbstractJavaProjectConfigurator - Adding source folder /admin-server/src/test/java
2019-11-11 14:40:33,193 [Worker-6: Importing Maven projects] INFO  o.e.m.c.i.embedder.EclipseLogger - Using 'UTF-8' encoding to copy filtered resources.
2019-11-11 14:40:33,193 [Worker-6: Importing Maven projects] INFO  o.e.m.c.i.embedder.EclipseLogger - Copying 1 resource
2019-11-11 14:40:33,193 [Worker-6: Importing Maven projects] INFO  o.e.m.c.i.embedder.EclipseLogger - Copying 0 resource
2019-11-11 14:40:33,204 [Worker-6: Importing Maven projects] INFO  o.e.m.c.i.embedder.EclipseLogger - Using 'UTF-8' encoding to copy filtered resources.
2019-11-11 14:40:33,204 [Worker-6: Importing Maven projects] INFO  o.e.m.c.i.embedder.EclipseLogger - skip non existing resourceDirectory E:\springboot_microservices_4\admin-server\src\test\resources
2019-11-11 14:40:33,392 [Worker-6: Importing Maven projects] INFO  o.e.m.c.i.p.ProjectConfigurationManager - Imported and configured 1 project(s) in 7 sec
2019-11-11 14:40:34,390 [Worker-7: Building workspace] INFO  o.e.m.c.i.embedder.EclipseLogger - Using 'UTF-8' encoding to copy filtered resources.
2019-11-11 14:40:34,390 [Worker-7: Building workspace] INFO  o.e.m.c.i.embedder.EclipseLogger - Copying 0 resource
2019-11-11 14:40:34,390 [Worker-7: Building workspace] INFO  o.e.m.c.i.embedder.EclipseLogger - Copying 0 resource
2019-11-11 14:40:34,392 [Worker-7: Building workspace] INFO  o.e.m.c.i.embedder.EclipseLogger - Using 'UTF-8' encoding to copy filtered resources.
2019-11-11 14:40:34,392 [Worker-7: Building workspace] INFO  o.e.m.c.i.embedder.EclipseLogger - skip non existing resourceDirectory E:\springboot_microservices_4\admin-server\src\test\resources
2019-11-11 14:41:29,862 [Worker-18: Importing Maven projects] INFO  o.e.m.c.i.l.LifecycleMappingFactory - Using org.eclipse.m2e.jdt.JarLifecycleMapping lifecycle mapping for MavenProject: com.example:gateway-edge-server:0.0.1-SNAPSHOT @ E:\springboot_microservices_4\gateway-edge-server\pom.xml.
2019-11-11 14:41:31,349 [Worker-18: Importing Maven projects] INFO  o.e.m.c.i.embedder.EclipseLogger - Using 'UTF-8' encoding to copy filtered resources.
2019-11-11 14:41:31,349 [Worker-18: Importing Maven projects] INFO  o.e.m.c.i.embedder.EclipseLogger - Copying 1 resource
2019-11-11 14:41:31,357 [Worker-18: Importing Maven projects] INFO  o.e.m.c.i.embedder.EclipseLogger - Copying 0 resource
2019-11-11 14:41:31,360 [Worker-18: Importing Maven projects] INFO  o.e.m.c.i.embedder.EclipseLogger - Using 'UTF-8' encoding to copy filtered resources.
2019-11-11 14:41:31,360 [Worker-18: Importing Maven projects] INFO  o.e.m.c.i.embedder.EclipseLogger - skip non existing resourceDirectory E:\springboot_microservices_4\gateway-edge-server\src\test\resources
2019-11-11 14:41:31,773 [Worker-18: Importing Maven projects] INFO  o.e.m.j.i.AbstractJavaProjectConfigurator - Adding source folder /gateway-edge-server/src/main/java
2019-11-11 14:41:31,773 [Worker-18: Importing Maven projects] INFO  o.e.m.j.i.AbstractJavaProjectConfigurator - Adding resource folder /gateway-edge-server/src/main/resources
2019-11-11 14:41:31,774 [Worker-18: Importing Maven projects] INFO  o.e.m.j.i.AbstractJavaProjectConfigurator - Adding resource folder /gateway-edge-server/src/main/resources
2019-11-11 14:41:31,775 [Worker-18: Importing Maven projects] INFO  o.e.m.j.i.AbstractJavaProjectConfigurator - Adding source folder /gateway-edge-server/src/test/java
2019-11-11 14:41:33,026 [Worker-18: Importing Maven projects] INFO  o.e.m.c.i.embedder.EclipseLogger - Using 'UTF-8' encoding to copy filtered resources.
2019-11-11 14:41:33,027 [Worker-18: Importing Maven projects] INFO  o.e.m.c.i.embedder.EclipseLogger - Copying 1 resource
2019-11-11 14:41:33,033 [Worker-18: Importing Maven projects] INFO  o.e.m.c.i.embedder.EclipseLogger - Copying 0 resource
2019-11-11 14:41:33,039 [Worker-18: Importing Maven projects] INFO  o.e.m.c.i.embedder.EclipseLogger - Using 'UTF-8' encoding to copy filtered resources.
2019-11-11 14:41:33,039 [Worker-18: Importing Maven projects] INFO  o.e.m.c.i.embedder.EclipseLogger - skip non existing resourceDirectory E:\springboot_microservices_4\gateway-edge-server\src\test\resources
2019-11-11 14:41:33,198 [Worker-18: Importing Maven projects] INFO  o.e.m.c.i.p.ProjectConfigurationManager - Imported and configured 1 project(s) in 3 sec
2019-11-11 14:41:34,928 [Worker-11: Building workspace] INFO  o.e.m.c.i.embedder.EclipseLogger - Using 'UTF-8' encoding to copy filtered resources.
2019-11-11 14:41:34,928 [Worker-11: Building workspace] INFO  o.e.m.c.i.embedder.EclipseLogger - Copying 0 resource
2019-11-11 14:41:34,928 [Worker-11: Building workspace] INFO  o.e.m.c.i.embedder.EclipseLogger - Copying 0 resource
2019-11-11 14:41:34,932 [Worker-11: Building workspace] INFO  o.e.m.c.i.embedder.EclipseLogger - Using 'UTF-8' encoding to copy filtered resources.
2019-11-11 14:41:34,932 [Worker-11: Building workspace] INFO  o.e.m.c.i.embedder.EclipseLogger - skip non existing resourceDirectory E:\springboot_microservices_4\gateway-edge-server\src\test\resources
2019-11-11 14:41:54,322 [Worker-16: Importing Maven projects] INFO  o.e.m.c.i.l.LifecycleMappingFactory - Using org.eclipse.m2e.jdt.JarLifecycleMapping lifecycle mapping for MavenProject: com.example:zuul-edge-server:0.0.1-SNAPSHOT @ E:\springboot_microservices_4\zuul-edge-server\pom.xml.
2019-11-11 14:41:55,877 [Worker-16: Importing Maven projects] INFO  o.e.m.c.i.embedder.EclipseLogger - Using 'UTF-8' encoding to copy filtered resources.
2019-11-11 14:41:55,877 [Worker-16: Importing Maven projects] INFO  o.e.m.c.i.embedder.EclipseLogger - Copying 1 resource
2019-11-11 14:41:55,879 [Worker-16: Importing Maven projects] INFO  o.e.m.c.i.embedder.EclipseLogger - Copying 0 resource
2019-11-11 14:41:55,882 [Worker-16: Importing Maven projects] INFO  o.e.m.c.i.embedder.EclipseLogger - Using 'UTF-8' encoding to copy filtered resources.
2019-11-11 14:41:55,882 [Worker-16: Importing Maven projects] INFO  o.e.m.c.i.embedder.EclipseLogger - skip non existing resourceDirectory E:\springboot_microservices_4\zuul-edge-server\src\test\resources
2019-11-11 14:41:56,217 [Worker-16: Importing Maven projects] INFO  o.e.m.j.i.AbstractJavaProjectConfigurator - Adding source folder /zuul-edge-server/src/main/java
2019-11-11 14:41:56,217 [Worker-16: Importing Maven projects] INFO  o.e.m.j.i.AbstractJavaProjectConfigurator - Adding resource folder /zuul-edge-server/src/main/resources
2019-11-11 14:41:56,217 [Worker-16: Importing Maven projects] INFO  o.e.m.j.i.AbstractJavaProjectConfigurator - Adding resource folder /zuul-edge-server/src/main/resources
2019-11-11 14:41:56,217 [Worker-16: Importing Maven projects] INFO  o.e.m.j.i.AbstractJavaProjectConfigurator - Adding source folder /zuul-edge-server/src/test/java
2019-11-11 14:41:57,509 [Worker-16: Importing Maven projects] INFO  o.e.m.c.i.embedder.EclipseLogger - Using 'UTF-8' encoding to copy filtered resources.
2019-11-11 14:41:57,510 [Worker-16: Importing Maven projects] INFO  o.e.m.c.i.embedder.EclipseLogger - Copying 1 resource
2019-11-11 14:41:57,512 [Worker-16: Importing Maven projects] INFO  o.e.m.c.i.embedder.EclipseLogger - Copying 0 resource
2019-11-11 14:41:57,514 [Worker-16: Importing Maven projects] INFO  o.e.m.c.i.embedder.EclipseLogger - Using 'UTF-8' encoding to copy filtered resources.
2019-11-11 14:41:57,514 [Worker-16: Importing Maven projects] INFO  o.e.m.c.i.embedder.EclipseLogger - skip non existing resourceDirectory E:\springboot_microservices_4\zuul-edge-server\src\test\resources
2019-11-11 14:41:57,656 [Worker-16: Importing Maven projects] INFO  o.e.m.c.i.p.ProjectConfigurationManager - Imported and configured 1 project(s) in 3 sec
2019-11-11 14:41:58,983 [Worker-14: Building workspace] INFO  o.e.m.c.i.embedder.EclipseLogger - Using 'UTF-8' encoding to copy filtered resources.
2019-11-11 14:41:58,983 [Worker-14: Building workspace] INFO  o.e.m.c.i.embedder.EclipseLogger - Copying 0 resource
2019-11-11 14:41:58,983 [Worker-14: Building workspace] INFO  o.e.m.c.i.embedder.EclipseLogger - Copying 0 resource
2019-11-11 14:41:58,985 [Worker-14: Building workspace] INFO  o.e.m.c.i.embedder.EclipseLogger - Using 'UTF-8' encoding to copy filtered resources.
2019-11-11 14:41:58,985 [Worker-14: Building workspace] INFO  o.e.m.c.i.embedder.EclipseLogger - skip non existing resourceDirectory E:\springboot_microservices_4\zuul-edge-server\src\test\resources
2019-11-11 14:46:22,575 [Worker-1: Importing Maven projects] INFO  o.e.m.c.i.l.LifecycleMappingFactory - Using org.eclipse.m2e.jdt.JarLifecycleMapping lifecycle mapping for MavenProject: com.example:employee-search-service:0.0.1-SNAPSHOT @ E:\springboot_microservices_4\employee-search-service\pom.xml.
2019-11-11 14:46:26,794 [Worker-1: Importing Maven projects] INFO  o.e.m.c.i.embedder.EclipseLogger - Using 'UTF-8' encoding to copy filtered resources.
2019-11-11 14:46:26,794 [Worker-1: Importing Maven projects] INFO  o.e.m.c.i.embedder.EclipseLogger - Copying 1 resource
2019-11-11 14:46:26,798 [Worker-1: Importing Maven projects] INFO  o.e.m.c.i.embedder.EclipseLogger - Copying 1 resource
2019-11-11 14:46:26,809 [Worker-1: Importing Maven projects] INFO  o.e.m.c.i.embedder.EclipseLogger - Using 'UTF-8' encoding to copy filtered resources.
2019-11-11 14:46:26,809 [Worker-1: Importing Maven projects] INFO  o.e.m.c.i.embedder.EclipseLogger - skip non existing resourceDirectory E:\springboot_microservices_4\employee-search-service\src\test\resources
2019-11-11 14:46:27,508 [Worker-1: Importing Maven projects] INFO  o.e.m.j.i.AbstractJavaProjectConfigurator - Adding source folder /employee-search-service/src/main/java
2019-11-11 14:46:27,508 [Worker-1: Importing Maven projects] INFO  o.e.m.j.i.AbstractJavaProjectConfigurator - Adding resource folder /employee-search-service/src/main/resources
2019-11-11 14:46:27,509 [Worker-1: Importing Maven projects] INFO  o.e.m.j.i.AbstractJavaProjectConfigurator - Adding resource folder /employee-search-service/src/main/resources
2019-11-11 14:46:27,509 [Worker-1: Importing Maven projects] INFO  o.e.m.j.i.AbstractJavaProjectConfigurator - Adding source folder /employee-search-service/src/test/java
2019-11-11 14:46:29,578 [Worker-1: Importing Maven projects] INFO  o.e.m.c.i.embedder.EclipseLogger - Using 'UTF-8' encoding to copy filtered resources.
2019-11-11 14:46:29,582 [Worker-1: Importing Maven projects] INFO  o.e.m.c.i.embedder.EclipseLogger - Copying 1 resource
2019-11-11 14:46:29,591 [Worker-1: Importing Maven projects] INFO  o.e.m.c.i.embedder.EclipseLogger - Copying 1 resource
2019-11-11 14:46:29,596 [Worker-1: Importing Maven projects] INFO  o.e.m.c.i.embedder.EclipseLogger - Using 'UTF-8' encoding to copy filtered resources.
2019-11-11 14:46:29,596 [Worker-1: Importing Maven projects] INFO  o.e.m.c.i.embedder.EclipseLogger - skip non existing resourceDirectory E:\springboot_microservices_4\employee-search-service\src\test\resources
2019-11-11 14:46:29,739 [Worker-1: Importing Maven projects] INFO  o.e.m.c.i.p.ProjectConfigurationManager - Imported and configured 1 project(s) in 9 sec
2019-11-11 14:46:31,621 [Worker-21: Building workspace] INFO  o.e.m.c.i.embedder.EclipseLogger - Using 'UTF-8' encoding to copy filtered resources.
2019-11-11 14:46:31,622 [Worker-21: Building workspace] INFO  o.e.m.c.i.embedder.EclipseLogger - Copying 0 resource
2019-11-11 14:46:31,622 [Worker-21: Building workspace] INFO  o.e.m.c.i.embedder.EclipseLogger - Copying 0 resource
2019-11-11 14:46:31,624 [Worker-21: Building workspace] INFO  o.e.m.c.i.embedder.EclipseLogger - Using 'UTF-8' encoding to copy filtered resources.
2019-11-11 14:46:31,624 [Worker-21: Building workspace] INFO  o.e.m.c.i.embedder.EclipseLogger - skip non existing resourceDirectory E:\springboot_microservices_4\employee-search-service\src\test\resources
2019-11-11 15:05:16,143 [Worker-21: Import Getting Started Content] INFO  o.e.m.c.i.l.LifecycleMappingFactory - Using org.eclipse.m2e.jdt.JarLifecycleMapping lifecycle mapping for MavenProject: com.example:spring-employee-dashboard:0.0.1-SNAPSHOT @ E:\springboot_microservices_4\spring-employee-dashboard\pom.xml.
2019-11-11 15:05:17,549 [Worker-21: Import Getting Started Content] INFO  o.e.m.j.i.AbstractJavaProjectConfigurator - Adding source folder /spring-employee-dashboard/src/main/java
2019-11-11 15:05:17,549 [Worker-21: Import Getting Started Content] INFO  o.e.m.j.i.AbstractJavaProjectConfigurator - Adding resource folder /spring-employee-dashboard/src/main/resources
2019-11-11 15:05:17,559 [Worker-21: Import Getting Started Content] INFO  o.e.m.j.i.AbstractJavaProjectConfigurator - Adding resource folder /spring-employee-dashboard/src/main/resources
2019-11-11 15:05:17,569 [Worker-21: Import Getting Started Content] INFO  o.e.m.j.i.AbstractJavaProjectConfigurator - Adding source folder /spring-employee-dashboard/src/test/java
2019-11-11 15:05:18,501 [Worker-21: Import Getting Started Content] INFO  o.e.m.c.i.embedder.EclipseLogger - Using 'UTF-8' encoding to copy filtered resources.
2019-11-11 15:05:18,502 [Worker-21: Import Getting Started Content] INFO  o.e.m.c.i.embedder.EclipseLogger - Copying 1 resource
2019-11-11 15:05:18,503 [Worker-21: Import Getting Started Content] INFO  o.e.m.c.i.embedder.EclipseLogger - Copying 0 resource
2019-11-11 15:05:18,507 [Worker-21: Import Getting Started Content] INFO  o.e.m.c.i.embedder.EclipseLogger - Using 'UTF-8' encoding to copy filtered resources.
2019-11-11 15:05:18,507 [Worker-21: Import Getting Started Content] INFO  o.e.m.c.i.embedder.EclipseLogger - skip non existing resourceDirectory E:\springboot_microservices_4\spring-employee-dashboard\src\test\resources
2019-11-11 15:05:19,684 [Worker-21: Import Getting Started Content] INFO  o.e.m.c.i.p.ProjectConfigurationManager - Imported and configured 1 project(s) in 4 sec
2019-11-11 15:05:19,688 [Worker-21: Import Getting Started Content] INFO  o.e.m.c.i.p.ProjectConfigurationManager - Update started
2019-11-11 15:05:20,044 [Worker-21: Import Getting Started Content] INFO  o.e.m.c.i.l.LifecycleMappingFactory - Using org.eclipse.m2e.jdt.JarLifecycleMapping lifecycle mapping for MavenProject: com.example:spring-employee-dashboard:0.0.1-SNAPSHOT @ E:\springboot_microservices_4\spring-employee-dashboard\pom.xml.
2019-11-11 15:05:21,165 [Worker-21: Import Getting Started Content] INFO  o.e.m.j.i.AbstractJavaProjectConfigurator - Adding source folder /spring-employee-dashboard/src/main/java
2019-11-11 15:05:21,166 [Worker-21: Import Getting Started Content] INFO  o.e.m.j.i.AbstractJavaProjectConfigurator - Adding resource folder /spring-employee-dashboard/src/main/resources
2019-11-11 15:05:21,166 [Worker-21: Import Getting Started Content] INFO  o.e.m.j.i.AbstractJavaProjectConfigurator - Adding resource folder /spring-employee-dashboard/src/main/resources
2019-11-11 15:05:21,166 [Worker-21: Import Getting Started Content] INFO  o.e.m.j.i.AbstractJavaProjectConfigurator - Adding source folder /spring-employee-dashboard/src/test/java
2019-11-11 15:05:21,907 [Worker-21: Import Getting Started Content] INFO  o.e.m.c.i.embedder.EclipseLogger - Using 'UTF-8' encoding to copy filtered resources.
2019-11-11 15:05:21,908 [Worker-21: Import Getting Started Content] INFO  o.e.m.c.i.embedder.EclipseLogger - Copying 1 resource
2019-11-11 15:05:21,909 [Worker-21: Import Getting Started Content] INFO  o.e.m.c.i.embedder.EclipseLogger - Copying 0 resource
2019-11-11 15:05:21,911 [Worker-21: Import Getting Started Content] INFO  o.e.m.c.i.embedder.EclipseLogger - Using 'UTF-8' encoding to copy filtered resources.
2019-11-11 15:05:21,911 [Worker-21: Import Getting Started Content] INFO  o.e.m.c.i.embedder.EclipseLogger - skip non existing resourceDirectory E:\springboot_microservices_4\spring-employee-dashboard\src\test\resources
2019-11-11 15:05:22,436 [Worker-21: Import Getting Started Content] INFO  o.e.m.c.i.p.ProjectConfigurationManager - Update completed: 2 sec
2019-11-11 15:05:27,862 [Worker-26: Building workspace] INFO  o.e.m.c.i.embedder.EclipseLogger - Using 'UTF-8' encoding to copy filtered resources.
2019-11-11 15:05:27,862 [Worker-26: Building workspace] INFO  o.e.m.c.i.embedder.EclipseLogger - Copying 1 resource
2019-11-11 15:05:27,864 [Worker-26: Building workspace] INFO  o.e.m.c.i.embedder.EclipseLogger - Copying 0 resource
2019-11-11 15:05:27,866 [Worker-26: Building workspace] INFO  o.e.m.c.i.embedder.EclipseLogger - Using 'UTF-8' encoding to copy filtered resources.
2019-11-11 15:05:27,867 [Worker-26: Building workspace] INFO  o.e.m.c.i.embedder.EclipseLogger - skip non existing resourceDirectory E:\springboot_microservices_4\spring-employee-dashboard\src\test\resources
2019-11-11 15:10:50,755 [Worker-31: Building workspace] INFO  o.e.m.c.i.embedder.EclipseLogger - Using 'UTF-8' encoding to copy filtered resources.
2019-11-11 15:10:50,756 [Worker-31: Building workspace] INFO  o.e.m.c.i.embedder.EclipseLogger - Copying 0 resource
2019-11-11 15:10:50,756 [Worker-31: Building workspace] INFO  o.e.m.c.i.embedder.EclipseLogger - Copying 0 resource
2019-11-11 15:10:50,759 [Worker-31: Building workspace] INFO  o.e.m.c.i.embedder.EclipseLogger - Using 'UTF-8' encoding to copy filtered resources.
2019-11-11 15:10:50,759 [Worker-31: Building workspace] INFO  o.e.m.c.i.embedder.EclipseLogger - skip non existing resourceDirectory E:\springboot_microservices_4\spring-employee-dashboard\src\test\resources
2019-11-11 15:11:16,561 [Worker-25: Building workspace] INFO  o.e.m.c.i.embedder.EclipseLogger - Using 'UTF-8' encoding to copy filtered resources.
2019-11-11 15:11:16,561 [Worker-25: Building workspace] INFO  o.e.m.c.i.embedder.EclipseLogger - Copying 1 resource
2019-11-11 15:11:16,562 [Worker-25: Building workspace] INFO  o.e.m.c.i.embedder.EclipseLogger - Copying 0 resource
2019-11-11 15:11:16,569 [Worker-25: Building workspace] INFO  o.e.m.c.i.embedder.EclipseLogger - Using 'UTF-8' encoding to copy filtered resources.
2019-11-11 15:11:16,569 [Worker-25: Building workspace] INFO  o.e.m.c.i.embedder.EclipseLogger - skip non existing resourceDirectory E:\springboot_microservices_4\spring-employee-dashboard\src\test\resources
2019-11-11 15:11:38,029 [Worker-31: Building workspace] INFO  o.e.m.c.i.embedder.EclipseLogger - Using 'UTF-8' encoding to copy filtered resources.
2019-11-11 15:11:38,029 [Worker-31: Building workspace] INFO  o.e.m.c.i.embedder.EclipseLogger - Copying 0 resource
2019-11-11 15:11:38,029 [Worker-31: Building workspace] INFO  o.e.m.c.i.embedder.EclipseLogger - Copying 1 resource
2019-11-11 15:11:38,032 [Worker-31: Building workspace] INFO  o.e.m.c.i.embedder.EclipseLogger - Using 'UTF-8' encoding to copy filtered resources.
2019-11-11 15:11:38,033 [Worker-31: Building workspace] INFO  o.e.m.c.i.embedder.EclipseLogger - skip non existing resourceDirectory E:\springboot_microservices_4\spring-employee-dashboard\src\test\resources
2019-11-11 15:13:48,494 [Worker-25: Building workspace] INFO  o.e.m.c.i.l.LifecycleMappingFactory - Using org.eclipse.m2e.jdt.JarLifecycleMapping lifecycle mapping for MavenProject: com.example:spring-employee-dashboard:0.0.1-SNAPSHOT @ E:\springboot_microservices_4\spring-employee-dashboard\pom.xml.
2019-11-11 15:13:49,854 [Worker-25: Building workspace] INFO  o.e.m.c.i.embedder.EclipseLogger - Using 'UTF-8' encoding to copy filtered resources.
2019-11-11 15:13:49,855 [Worker-25: Building workspace] INFO  o.e.m.c.i.embedder.EclipseLogger - Copying 0 resource
2019-11-11 15:13:49,856 [Worker-25: Building workspace] INFO  o.e.m.c.i.embedder.EclipseLogger - Copying 0 resource
2019-11-11 15:13:49,859 [Worker-25: Building workspace] INFO  o.e.m.c.i.embedder.EclipseLogger - Using 'UTF-8' encoding to copy filtered resources.
2019-11-11 15:13:49,859 [Worker-25: Building workspace] INFO  o.e.m.c.i.embedder.EclipseLogger - skip non existing resourceDirectory E:\springboot_microservices_4\spring-employee-dashboard\src\test\resources
2019-11-11 15:13:53,173 [Worker-34: Building workspace] INFO  o.e.m.c.i.embedder.EclipseLogger - Using 'UTF-8' encoding to copy filtered resources.
2019-11-11 15:13:53,173 [Worker-34: Building workspace] INFO  o.e.m.c.i.embedder.EclipseLogger - Copying 1 resource
2019-11-11 15:13:53,174 [Worker-34: Building workspace] INFO  o.e.m.c.i.embedder.EclipseLogger - Copying 1 resource
2019-11-11 15:13:53,176 [Worker-34: Building workspace] INFO  o.e.m.c.i.embedder.EclipseLogger - Using 'UTF-8' encoding to copy filtered resources.
2019-11-11 15:13:53,176 [Worker-34: Building workspace] INFO  o.e.m.c.i.embedder.EclipseLogger - skip non existing resourceDirectory E:\springboot_microservices_4\spring-employee-dashboard\src\test\resources
2019-11-11 15:14:31,954 [Worker-32: Building workspace] INFO  o.e.m.c.i.embedder.EclipseLogger - Using 'UTF-8' encoding to copy filtered resources.
2019-11-11 15:14:31,955 [Worker-32: Building workspace] INFO  o.e.m.c.i.embedder.EclipseLogger - Copying 1 resource
2019-11-11 15:14:31,957 [Worker-32: Building workspace] INFO  o.e.m.c.i.embedder.EclipseLogger - Copying 0 resource
2019-11-11 15:14:31,959 [Worker-32: Building workspace] INFO  o.e.m.c.i.embedder.EclipseLogger - Using 'UTF-8' encoding to copy filtered resources.
2019-11-11 15:14:31,959 [Worker-32: Building workspace] INFO  o.e.m.c.i.embedder.EclipseLogger - skip non existing resourceDirectory E:\springboot_microservices_4\spring-employee-dashboard\src\test\resources
2019-11-11 15:14:43,330 [Worker-34: Building workspace] INFO  o.e.m.c.i.embedder.EclipseLogger - Using 'UTF-8' encoding to copy filtered resources.
2019-11-11 15:14:43,330 [Worker-34: Building workspace] INFO  o.e.m.c.i.embedder.EclipseLogger - Copying 1 resource
2019-11-11 15:14:43,331 [Worker-34: Building workspace] INFO  o.e.m.c.i.embedder.EclipseLogger - Copying 0 resource
2019-11-11 15:14:43,332 [Worker-34: Building workspace] INFO  o.e.m.c.i.embedder.EclipseLogger - Using 'UTF-8' encoding to copy filtered resources.
2019-11-11 15:14:43,332 [Worker-34: Building workspace] INFO  o.e.m.c.i.embedder.EclipseLogger - skip non existing resourceDirectory E:\springboot_microservices_4\spring-employee-dashboard\src\test\resources
2019-11-11 15:15:08,198 [Worker-34: Building workspace] INFO  o.e.m.c.i.embedder.EclipseLogger - Using 'UTF-8' encoding to copy filtered resources.
2019-11-11 15:15:08,198 [Worker-34: Building workspace] INFO  o.e.m.c.i.embedder.EclipseLogger - Copying 1 resource
2019-11-11 15:15:08,200 [Worker-34: Building workspace] INFO  o.e.m.c.i.embedder.EclipseLogger - Copying 0 resource
2019-11-11 15:15:08,202 [Worker-34: Building workspace] INFO  o.e.m.c.i.embedder.EclipseLogger - Using 'UTF-8' encoding to copy filtered resources.
2019-11-11 15:15:08,203 [Worker-34: Building workspace] INFO  o.e.m.c.i.embedder.EclipseLogger - skip non existing resourceDirectory E:\springboot_microservices_4\spring-employee-dashboard\src\test\resources
2019-11-11 15:15:13,778 [Worker-31: Building workspace] INFO  o.e.m.c.i.embedder.EclipseLogger - Using 'UTF-8' encoding to copy filtered resources.
2019-11-11 15:15:13,778 [Worker-31: Building workspace] INFO  o.e.m.c.i.embedder.EclipseLogger - Copying 1 resource
2019-11-11 15:15:13,782 [Worker-31: Building workspace] INFO  o.e.m.c.i.embedder.EclipseLogger - Copying 0 resource
2019-11-11 15:15:13,784 [Worker-31: Building workspace] INFO  o.e.m.c.i.embedder.EclipseLogger - Using 'UTF-8' encoding to copy filtered resources.
2019-11-11 15:15:13,785 [Worker-31: Building workspace] INFO  o.e.m.c.i.embedder.EclipseLogger - skip non existing resourceDirectory E:\springboot_microservices_4\spring-employee-dashboard\src\test\resources
2019-11-11 15:15:17,525 [Worker-32: Building workspace] INFO  o.e.m.c.i.embedder.EclipseLogger - Using 'UTF-8' encoding to copy filtered resources.
2019-11-11 15:15:17,526 [Worker-32: Building workspace] INFO  o.e.m.c.i.embedder.EclipseLogger - Copying 0 resource
2019-11-11 15:15:17,527 [Worker-32: Building workspace] INFO  o.e.m.c.i.embedder.EclipseLogger - Copying 0 resource
2019-11-11 15:15:17,531 [Worker-32: Building workspace] INFO  o.e.m.c.i.embedder.EclipseLogger - Using 'UTF-8' encoding to copy filtered resources.
2019-11-11 15:15:17,531 [Worker-32: Building workspace] INFO  o.e.m.c.i.embedder.EclipseLogger - skip non existing resourceDirectory E:\springboot_microservices_4\spring-employee-dashboard\src\test\resources
2019-11-11 15:15:33,196 [Worker-33: Building workspace] INFO  o.e.m.c.i.embedder.EclipseLogger - Using 'UTF-8' encoding to copy filtered resources.
2019-11-11 15:15:33,196 [Worker-33: Building workspace] INFO  o.e.m.c.i.embedder.EclipseLogger - Copying 0 resource
2019-11-11 15:15:33,197 [Worker-33: Building workspace] INFO  o.e.m.c.i.embedder.EclipseLogger - Copying 1 resource
2019-11-11 15:15:33,201 [Worker-33: Building workspace] INFO  o.e.m.c.i.embedder.EclipseLogger - Using 'UTF-8' encoding to copy filtered resources.
2019-11-11 15:15:33,201 [Worker-33: Building workspace] INFO  o.e.m.c.i.embedder.EclipseLogger - skip non existing resourceDirectory E:\springboot_microservices_4\spring-employee-dashboard\src\test\resources
2019-11-11 15:16:33,958 [Worker-25: Building workspace] INFO  o.e.m.c.i.embedder.EclipseLogger - Using 'UTF-8' encoding to copy filtered resources.
2019-11-11 15:16:33,958 [Worker-25: Building workspace] INFO  o.e.m.c.i.embedder.EclipseLogger - Copying 1 resource
2019-11-11 15:16:33,969 [Worker-25: Building workspace] INFO  o.e.m.c.i.embedder.EclipseLogger - Copying 1 resource
2019-11-11 15:16:33,972 [Worker-25: Building workspace] INFO  o.e.m.c.i.embedder.EclipseLogger - Using 'UTF-8' encoding to copy filtered resources.
2019-11-11 15:16:33,972 [Worker-25: Building workspace] INFO  o.e.m.c.i.embedder.EclipseLogger - skip non existing resourceDirectory E:\springboot_microservices_4\spring-employee-dashboard\src\test\resources
2019-11-11 15:16:40,317 [Worker-25: Building workspace] INFO  o.e.m.c.i.embedder.EclipseLogger - Using 'UTF-8' encoding to copy filtered resources.
2019-11-11 15:16:40,317 [Worker-25: Building workspace] INFO  o.e.m.c.i.embedder.EclipseLogger - Copying 1 resource
2019-11-11 15:16:40,320 [Worker-25: Building workspace] INFO  o.e.m.c.i.embedder.EclipseLogger - Copying 1 resource
2019-11-11 15:16:40,321 [Worker-25: Building workspace] INFO  o.e.m.c.i.embedder.EclipseLogger - Using 'UTF-8' encoding to copy filtered resources.
2019-11-11 15:16:40,322 [Worker-25: Building workspace] INFO  o.e.m.c.i.embedder.EclipseLogger - skip non existing resourceDirectory E:\springboot_microservices_4\spring-employee-dashboard\src\test\resources
2019-11-11 15:16:45,779 [Worker-27: Building workspace] INFO  o.e.m.c.i.embedder.EclipseLogger - Using 'UTF-8' encoding to copy filtered resources.
2019-11-11 15:16:45,780 [Worker-27: Building workspace] INFO  o.e.m.c.i.embedder.EclipseLogger - Copying 1 resource
2019-11-11 15:16:45,782 [Worker-27: Building workspace] INFO  o.e.m.c.i.embedder.EclipseLogger - Copying 1 resource
2019-11-11 15:16:45,785 [Worker-27: Building workspace] INFO  o.e.m.c.i.embedder.EclipseLogger - Using 'UTF-8' encoding to copy filtered resources.
2019-11-11 15:16:45,785 [Worker-27: Building workspace] INFO  o.e.m.c.i.embedder.EclipseLogger - skip non existing resourceDirectory E:\springboot_microservices_4\spring-employee-dashboard\src\test\resources
2019-11-11 15:16:50,040 [Worker-30: Building workspace] INFO  o.e.m.c.i.embedder.EclipseLogger - Using 'UTF-8' encoding to copy filtered resources.
2019-11-11 15:16:50,041 [Worker-30: Building workspace] INFO  o.e.m.c.i.embedder.EclipseLogger - Copying 1 resource
2019-11-11 15:16:50,043 [Worker-30: Building workspace] INFO  o.e.m.c.i.embedder.EclipseLogger - Copying 1 resource
2019-11-11 15:16:50,044 [Worker-30: Building workspace] INFO  o.e.m.c.i.embedder.EclipseLogger - Using 'UTF-8' encoding to copy filtered resources.
2019-11-11 15:16:50,044 [Worker-30: Building workspace] INFO  o.e.m.c.i.embedder.EclipseLogger - skip non existing resourceDirectory E:\springboot_microservices_4\spring-employee-dashboard\src\test\resources
2019-11-11 15:17:18,603 [Worker-31: Building workspace] INFO  o.e.m.c.i.embedder.EclipseLogger - Using 'UTF-8' encoding to copy filtered resources.
2019-11-11 15:17:18,603 [Worker-31: Building workspace] INFO  o.e.m.c.i.embedder.EclipseLogger - Copying 1 resource
2019-11-11 15:17:18,606 [Worker-31: Building workspace] INFO  o.e.m.c.i.embedder.EclipseLogger - Copying 1 resource
2019-11-11 15:17:18,609 [Worker-31: Building workspace] INFO  o.e.m.c.i.embedder.EclipseLogger - Using 'UTF-8' encoding to copy filtered resources.
2019-11-11 15:17:18,609 [Worker-31: Building workspace] INFO  o.e.m.c.i.embedder.EclipseLogger - skip non existing resourceDirectory E:\springboot_microservices_4\spring-employee-dashboard\src\test\resources
2019-11-11 15:18:08,777 [Worker-34: Building workspace] INFO  o.e.m.c.i.embedder.EclipseLogger - Using 'UTF-8' encoding to copy filtered resources.
2019-11-11 15:18:08,777 [Worker-34: Building workspace] INFO  o.e.m.c.i.embedder.EclipseLogger - Copying 1 resource
2019-11-11 15:18:08,780 [Worker-34: Building workspace] INFO  o.e.m.c.i.embedder.EclipseLogger - Copying 1 resource
2019-11-11 15:18:08,783 [Worker-34: Building workspace] INFO  o.e.m.c.i.embedder.EclipseLogger - Using 'UTF-8' encoding to copy filtered resources.
2019-11-11 15:18:08,783 [Worker-34: Building workspace] INFO  o.e.m.c.i.embedder.EclipseLogger - skip non existing resourceDirectory E:\springboot_microservices_4\spring-employee-dashboard\src\test\resources
2019-11-11 15:18:40,849 [Worker-31: Building workspace] INFO  o.e.m.c.i.embedder.EclipseLogger - Using 'UTF-8' encoding to copy filtered resources.
2019-11-11 15:18:40,849 [Worker-31: Building workspace] INFO  o.e.m.c.i.embedder.EclipseLogger - Copying 1 resource
2019-11-11 15:18:40,852 [Worker-31: Building workspace] INFO  o.e.m.c.i.embedder.EclipseLogger - Copying 1 resource
2019-11-11 15:18:40,853 [Worker-31: Building workspace] INFO  o.e.m.c.i.embedder.EclipseLogger - Using 'UTF-8' encoding to copy filtered resources.
2019-11-11 15:18:40,854 [Worker-31: Building workspace] INFO  o.e.m.c.i.embedder.EclipseLogger - skip non existing resourceDirectory E:\springboot_microservices_4\spring-employee-dashboard\src\test\resources
2019-11-11 15:19:36,520 [Worker-25: Building workspace] INFO  o.e.m.c.i.embedder.EclipseLogger - Using 'UTF-8' encoding to copy filtered resources.
2019-11-11 15:19:36,521 [Worker-25: Building workspace] INFO  o.e.m.c.i.embedder.EclipseLogger - Copying 1 resource
2019-11-11 15:19:36,524 [Worker-25: Building workspace] INFO  o.e.m.c.i.embedder.EclipseLogger - Copying 1 resource
2019-11-11 15:19:36,526 [Worker-25: Building workspace] INFO  o.e.m.c.i.embedder.EclipseLogger - Using 'UTF-8' encoding to copy filtered resources.
2019-11-11 15:19:36,526 [Worker-25: Building workspace] INFO  o.e.m.c.i.embedder.EclipseLogger - skip non existing resourceDirectory E:\springboot_microservices_4\spring-employee-dashboard\src\test\resources
2019-11-11 15:20:55,128 [Worker-35: Building workspace] INFO  o.e.m.c.i.embedder.EclipseLogger - Using 'UTF-8' encoding to copy filtered resources.
2019-11-11 15:20:55,128 [Worker-35: Building workspace] INFO  o.e.m.c.i.embedder.EclipseLogger - Copying 1 resource
2019-11-11 15:20:55,130 [Worker-35: Building workspace] INFO  o.e.m.c.i.embedder.EclipseLogger - Copying 1 resource
2019-11-11 15:20:55,132 [Worker-35: Building workspace] INFO  o.e.m.c.i.embedder.EclipseLogger - Using 'UTF-8' encoding to copy filtered resources.
2019-11-11 15:20:55,132 [Worker-35: Building workspace] INFO  o.e.m.c.i.embedder.EclipseLogger - skip non existing resourceDirectory E:\springboot_microservices_4\spring-employee-dashboard\src\test\resources
2019-11-11 15:21:06,132 [Worker-34: Building workspace] INFO  o.e.m.c.i.embedder.EclipseLogger - Using 'UTF-8' encoding to copy filtered resources.
2019-11-11 15:21:06,133 [Worker-34: Building workspace] INFO  o.e.m.c.i.embedder.EclipseLogger - Copying 1 resource
2019-11-11 15:21:06,135 [Worker-34: Building workspace] INFO  o.e.m.c.i.embedder.EclipseLogger - Copying 1 resource
2019-11-11 15:21:06,136 [Worker-34: Building workspace] INFO  o.e.m.c.i.embedder.EclipseLogger - Using 'UTF-8' encoding to copy filtered resources.
2019-11-11 15:21:06,136 [Worker-34: Building workspace] INFO  o.e.m.c.i.embedder.EclipseLogger - skip non existing resourceDirectory E:\springboot_microservices_4\spring-employee-dashboard\src\test\resources
2019-11-11 15:29:30,217 [Worker-39: Building workspace] INFO  o.e.m.c.i.embedder.EclipseLogger - Using 'UTF-8' encoding to copy filtered resources.
2019-11-11 15:29:30,218 [Worker-39: Building workspace] INFO  o.e.m.c.i.embedder.EclipseLogger - Copying 1 resource
2019-11-11 15:29:30,221 [Worker-39: Building workspace] INFO  o.e.m.c.i.embedder.EclipseLogger - Copying 1 resource
2019-11-11 15:29:30,223 [Worker-39: Building workspace] INFO  o.e.m.c.i.embedder.EclipseLogger - Using 'UTF-8' encoding to copy filtered resources.
2019-11-11 15:29:30,223 [Worker-39: Building workspace] INFO  o.e.m.c.i.embedder.EclipseLogger - skip non existing resourceDirectory E:\springboot_microservices_4\spring-employee-dashboard\src\test\resources
2019-11-11 16:12:36,743 [Worker-0: Loading available Gradle versions] INFO  o.e.b.c.i.u.g.PublishedGradleVersions - Gradle version information cache is up-to-date. Trying to read.
