2019-10-31 15:19:56,349 [Worker-4: Loading available Gradle versions] INFO  o.e.b.c.i.u.g.PublishedGradleVersions - Gradle version information cache is up-to-date. Trying to read.
2019-10-31 15:23:23,601 [Worker-10: Creating maven-archetype-webapp] INFO  o.e.m.c.i.p.ProjectConfigurationManager - Collecting project info '/pom.xml' E:\SpringMVC\springmvc1\pom.xml
2019-10-31 15:23:31,017 [Worker-10: Creating maven-archetype-webapp] INFO  o.e.m.c.i.l.LifecycleMappingFactory - Using org.maven.ide.eclipse.wtp.WarLifecycleMapping lifecycle mapping for MavenProject: com.springmvc:springmvc1:0.0.1-SNAPSHOT @ E:\SpringMVC\springmvc1\pom.xml.
2019-10-31 15:23:32,758 [Worker-10: Creating maven-archetype-webapp] INFO  o.e.m.j.i.AbstractJavaProjectConfigurator - Adding source folder /springmvc1/src/main/java
2019-10-31 15:23:32,760 [Worker-10: Creating maven-archetype-webapp] INFO  o.e.m.j.i.AbstractJavaProjectConfigurator - Adding source folder /springmvc1/src/test/java
2019-10-31 15:23:36,365 [Worker-10: Creating maven-archetype-webapp] INFO  o.e.m.c.i.embedder.EclipseLogger - Using 'UTF-8' encoding to copy filtered resources.
2019-10-31 15:23:36,365 [Worker-10: Creating maven-archetype-webapp] INFO  o.e.m.c.i.embedder.EclipseLogger - skip non existing resourceDirectory E:\SpringMVC\springmvc1\src\main\resources
2019-10-31 15:23:36,368 [Worker-10: Creating maven-archetype-webapp] INFO  o.e.m.c.i.embedder.EclipseLogger - Using 'UTF-8' encoding to copy filtered resources.
2019-10-31 15:23:36,369 [Worker-10: Creating maven-archetype-webapp] INFO  o.e.m.c.i.embedder.EclipseLogger - skip non existing resourceDirectory E:\SpringMVC\springmvc1\src\test\resources
2019-10-31 15:23:38,981 [Worker-10: Creating maven-archetype-webapp] INFO  o.e.m.c.i.p.ProjectConfigurationManager - Imported and configured 1 project(s) in 15 sec
2019-10-31 15:23:40,174 [Worker-20: Building workspace] INFO  o.e.m.c.i.embedder.EclipseLogger - Using 'UTF-8' encoding to copy filtered resources.
2019-10-31 15:23:40,174 [Worker-20: Building workspace] INFO  o.e.m.c.i.embedder.EclipseLogger - skip non existing resourceDirectory E:\SpringMVC\springmvc1\src\main\resources
2019-10-31 15:23:40,175 [Worker-20: Building workspace] INFO  o.e.m.c.i.embedder.EclipseLogger - Using 'UTF-8' encoding to copy filtered resources.
2019-10-31 15:23:40,175 [Worker-20: Building workspace] INFO  o.e.m.c.i.embedder.EclipseLogger - skip non existing resourceDirectory E:\SpringMVC\springmvc1\src\test\resources
2019-10-31 15:23:55,445 [Worker-20: Building workspace] INFO  o.e.m.c.i.embedder.EclipseLogger - Using 'UTF-8' encoding to copy filtered resources.
2019-10-31 15:23:55,445 [Worker-20: Building workspace] INFO  o.e.m.c.i.embedder.EclipseLogger - skip non existing resourceDirectory E:\SpringMVC\springmvc1\src\main\resources
2019-10-31 15:23:55,446 [Worker-20: Building workspace] INFO  o.e.m.c.i.embedder.EclipseLogger - Using 'UTF-8' encoding to copy filtered resources.
2019-10-31 15:23:55,447 [Worker-20: Building workspace] INFO  o.e.m.c.i.embedder.EclipseLogger - skip non existing resourceDirectory E:\SpringMVC\springmvc1\src\test\resources
2019-10-31 15:23:56,461 [Worker-17: Building workspace] INFO  o.e.m.c.i.embedder.EclipseLogger - Using 'UTF-8' encoding to copy filtered resources.
2019-10-31 15:23:56,462 [Worker-17: Building workspace] INFO  o.e.m.c.i.embedder.EclipseLogger - skip non existing resourceDirectory E:\SpringMVC\springmvc1\src\main\resources
2019-10-31 15:23:56,463 [Worker-17: Building workspace] INFO  o.e.m.c.i.embedder.EclipseLogger - Using 'UTF-8' encoding to copy filtered resources.
2019-10-31 15:23:56,463 [Worker-17: Building workspace] INFO  o.e.m.c.i.embedder.EclipseLogger - skip non existing resourceDirectory E:\SpringMVC\springmvc1\src\test\resources
2019-10-31 15:24:31,006 [Worker-10: Building workspace] INFO  o.e.m.c.i.l.LifecycleMappingFactory - Using org.maven.ide.eclipse.wtp.WarLifecycleMapping lifecycle mapping for MavenProject: com.springmvc:springmvc1:0.0.1-SNAPSHOT @ E:\SpringMVC\springmvc1\pom.xml.
2019-10-31 15:24:32,102 [Worker-10: Building workspace] INFO  o.e.m.c.i.embedder.EclipseLogger - Using 'UTF-8' encoding to copy filtered resources.
2019-10-31 15:24:32,102 [Worker-10: Building workspace] INFO  o.e.m.c.i.embedder.EclipseLogger - skip non existing resourceDirectory E:\SpringMVC\springmvc1\src\main\resources
2019-10-31 15:24:32,104 [Worker-10: Building workspace] INFO  o.e.m.c.i.embedder.EclipseLogger - Using 'UTF-8' encoding to copy filtered resources.
2019-10-31 15:24:32,104 [Worker-10: Building workspace] INFO  o.e.m.c.i.embedder.EclipseLogger - skip non existing resourceDirectory E:\SpringMVC\springmvc1\src\test\resources
2019-10-31 15:24:32,105 [Worker-10: Building workspace] INFO  o.e.m.w.i.f.ResourceFilteringBuildParticipant - Changed resources require a complete clean of filtered resources of springmvc1
2019-10-31 15:24:32,106 [Worker-10: Building workspace] INFO  o.e.m.w.i.f.ResourceFilteringBuildParticipant - Executing resource filtering for springmvc1
2019-10-31 15:24:32,111 [Worker-10: Building workspace] INFO  o.e.m.c.i.embedder.EclipseLogger - Using 'UTF-8' encoding to copy filtered resources.
2019-10-31 15:35:21,253 [Worker-1: Loading available Gradle versions] INFO  o.e.b.c.i.u.g.PublishedGradleVersions - Gradle version information cache is up-to-date. Trying to read.
2019-10-31 15:35:27,977 [Worker-9: Building workspace] INFO  o.e.m.c.i.embedder.EclipseLogger - Using 'UTF-8' encoding to copy filtered resources.
2019-10-31 15:35:27,979 [Worker-9: Building workspace] INFO  o.e.m.c.i.embedder.EclipseLogger - skip non existing resourceDirectory E:\SpringMVC\springmvc1\src\main\resources
2019-10-31 15:35:27,985 [Worker-9: Building workspace] INFO  o.e.m.c.i.embedder.EclipseLogger - Using 'UTF-8' encoding to copy filtered resources.
2019-10-31 15:35:27,985 [Worker-9: Building workspace] INFO  o.e.m.c.i.embedder.EclipseLogger - skip non existing resourceDirectory E:\SpringMVC\springmvc1\src\test\resources
2019-10-31 15:37:04,485 [Worker-1: Building workspace] INFO  o.e.m.c.i.embedder.EclipseLogger - Using 'UTF-8' encoding to copy filtered resources.
2019-10-31 15:37:04,486 [Worker-1: Building workspace] INFO  o.e.m.c.i.embedder.EclipseLogger - skip non existing resourceDirectory E:\SpringMVC\springmvc1\src\main\resources
2019-10-31 15:37:04,487 [Worker-1: Building workspace] INFO  o.e.m.c.i.embedder.EclipseLogger - Using 'UTF-8' encoding to copy filtered resources.
2019-10-31 15:37:04,487 [Worker-1: Building workspace] INFO  o.e.m.c.i.embedder.EclipseLogger - skip non existing resourceDirectory E:\SpringMVC\springmvc1\src\test\resources
2019-10-31 15:37:12,400 [Worker-12: Building workspace] INFO  o.e.m.c.i.embedder.EclipseLogger - Using 'UTF-8' encoding to copy filtered resources.
2019-10-31 15:37:12,400 [Worker-12: Building workspace] INFO  o.e.m.c.i.embedder.EclipseLogger - skip non existing resourceDirectory E:\SpringMVC\springmvc1\src\main\resources
2019-10-31 15:37:12,401 [Worker-12: Building workspace] INFO  o.e.m.c.i.embedder.EclipseLogger - Using 'UTF-8' encoding to copy filtered resources.
2019-10-31 15:37:12,401 [Worker-12: Building workspace] INFO  o.e.m.c.i.embedder.EclipseLogger - skip non existing resourceDirectory E:\SpringMVC\springmvc1\src\test\resources
2019-10-31 15:37:29,789 [Worker-24: Building workspace] INFO  o.e.m.c.i.embedder.EclipseLogger - Using 'UTF-8' encoding to copy filtered resources.
2019-10-31 15:37:29,793 [Worker-24: Building workspace] INFO  o.e.m.c.i.embedder.EclipseLogger - skip non existing resourceDirectory E:\SpringMVC\springmvc1\src\main\resources
2019-10-31 15:37:29,795 [Worker-24: Building workspace] INFO  o.e.m.c.i.embedder.EclipseLogger - Using 'UTF-8' encoding to copy filtered resources.
2019-10-31 15:37:29,795 [Worker-24: Building workspace] INFO  o.e.m.c.i.embedder.EclipseLogger - skip non existing resourceDirectory E:\SpringMVC\springmvc1\src\test\resources
2019-10-31 15:37:38,338 [Worker-6: Building workspace] INFO  o.e.m.c.i.embedder.EclipseLogger - Using 'UTF-8' encoding to copy filtered resources.
2019-10-31 15:37:38,339 [Worker-6: Building workspace] INFO  o.e.m.c.i.embedder.EclipseLogger - skip non existing resourceDirectory E:\SpringMVC\springmvc1\src\main\resources
2019-10-31 15:37:38,340 [Worker-6: Building workspace] INFO  o.e.m.c.i.embedder.EclipseLogger - Using 'UTF-8' encoding to copy filtered resources.
2019-10-31 15:37:38,341 [Worker-6: Building workspace] INFO  o.e.m.c.i.embedder.EclipseLogger - skip non existing resourceDirectory E:\SpringMVC\springmvc1\src\test\resources
2019-10-31 15:38:56,269 [Worker-9: Building workspace] INFO  o.e.m.c.i.l.LifecycleMappingFactory - Using org.maven.ide.eclipse.wtp.WarLifecycleMapping lifecycle mapping for MavenProject: com.springmvc:springmvc1:0.0.1-SNAPSHOT @ E:\SpringMVC\springmvc1\pom.xml.
2019-10-31 15:38:57,557 [Worker-9: Building workspace] INFO  o.e.m.c.i.e.AbstractTransferListenerAdapter - Downloading https://repo.maven.apache.org/maven2/org/springframework/spring-webmvc/5.2.0.RELEASE/spring-webmvc-5.2.0.RELEASE.pom
2019-10-31 15:38:57,814 [Worker-9: Building workspace] INFO  o.e.m.c.i.e.AbstractTransferListenerAdapter - Downloaded https://repo.maven.apache.org/maven2/org/springframework/spring-webmvc/5.2.0.RELEASE/spring-webmvc-5.2.0.RELEASE.pom
2019-10-31 15:38:58,170 [Worker-9: Building workspace] INFO  o.e.m.c.i.e.AbstractTransferListenerAdapter - Downloading https://repo.maven.apache.org/maven2/org/springframework/spring-web/5.2.0.RELEASE/spring-web-5.2.0.RELEASE.pom
2019-10-31 15:38:58,426 [Worker-9: Building workspace] INFO  o.e.m.c.i.e.AbstractTransferListenerAdapter - Downloaded https://repo.maven.apache.org/maven2/org/springframework/spring-web/5.2.0.RELEASE/spring-web-5.2.0.RELEASE.pom
2019-10-31 15:38:58,687 [Worker-9: Building workspace] INFO  o.e.m.c.i.e.AbstractTransferListenerAdapter - Downloading https://repo.maven.apache.org/maven2/org/springframework/spring-webmvc/5.2.0.RELEASE/spring-webmvc-5.2.0.RELEASE.jar
2019-10-31 15:39:00,841 [Worker-9: Building workspace] INFO  o.e.m.c.i.e.AbstractTransferListenerAdapter - Downloaded https://repo.maven.apache.org/maven2/org/springframework/spring-webmvc/5.2.0.RELEASE/spring-webmvc-5.2.0.RELEASE.jar
2019-10-31 15:39:01,078 [Worker-9: Building workspace] INFO  o.e.m.c.i.e.AbstractTransferListenerAdapter - Downloading https://repo.maven.apache.org/maven2/org/springframework/spring-web/5.2.0.RELEASE/spring-web-5.2.0.RELEASE.jar
2019-10-31 15:39:02,327 [Worker-9: Building workspace] INFO  o.e.m.c.i.e.AbstractTransferListenerAdapter - Downloaded https://repo.maven.apache.org/maven2/org/springframework/spring-web/5.2.0.RELEASE/spring-web-5.2.0.RELEASE.jar
2019-10-31 15:39:02,763 [Worker-9: Building workspace] INFO  o.e.m.c.i.embedder.EclipseLogger - Using 'UTF-8' encoding to copy filtered resources.
2019-10-31 15:39:02,764 [Worker-9: Building workspace] INFO  o.e.m.c.i.embedder.EclipseLogger - skip non existing resourceDirectory E:\SpringMVC\springmvc1\src\main\resources
2019-10-31 15:39:02,766 [Worker-9: Building workspace] INFO  o.e.m.c.i.embedder.EclipseLogger - Using 'UTF-8' encoding to copy filtered resources.
2019-10-31 15:39:02,766 [Worker-9: Building workspace] INFO  o.e.m.c.i.embedder.EclipseLogger - skip non existing resourceDirectory E:\SpringMVC\springmvc1\src\test\resources
2019-10-31 15:39:02,766 [Worker-9: Building workspace] INFO  o.e.m.w.i.f.ResourceFilteringBuildParticipant - Changed resources require a complete clean of filtered resources of springmvc1
2019-10-31 15:39:02,768 [Worker-9: Building workspace] INFO  o.e.m.w.i.f.ResourceFilteringBuildParticipant - Executing resource filtering for springmvc1
2019-10-31 15:39:02,786 [Worker-9: Building workspace] INFO  o.e.m.c.i.embedder.EclipseLogger - Using 'UTF-8' encoding to copy filtered resources.
2019-10-31 15:39:05,439 [Worker-5: Download sources and javadoc] INFO  o.e.m.c.i.e.AbstractTransferListenerAdapter - Downloading https://repo.maven.apache.org/maven2/org/springframework/spring-webmvc/5.2.0.RELEASE/spring-webmvc-5.2.0.RELEASE-sources.jar
2019-10-31 15:39:05,537 [Worker-9: Building workspace] INFO  o.e.m.c.i.l.LifecycleMappingFactory - Using org.maven.ide.eclipse.wtp.WarLifecycleMapping lifecycle mapping for MavenProject: com.springmvc:springmvc1:0.0.1-SNAPSHOT @ E:\SpringMVC\springmvc1\pom.xml.
2019-10-31 15:39:06,555 [Worker-9: Building workspace] INFO  o.e.m.c.i.embedder.EclipseLogger - Using 'UTF-8' encoding to copy filtered resources.
2019-10-31 15:39:06,555 [Worker-9: Building workspace] INFO  o.e.m.c.i.embedder.EclipseLogger - skip non existing resourceDirectory E:\SpringMVC\springmvc1\src\main\resources
2019-10-31 15:39:06,558 [Worker-9: Building workspace] INFO  o.e.m.c.i.embedder.EclipseLogger - Using 'UTF-8' encoding to copy filtered resources.
2019-10-31 15:39:06,558 [Worker-9: Building workspace] INFO  o.e.m.c.i.embedder.EclipseLogger - skip non existing resourceDirectory E:\SpringMVC\springmvc1\src\test\resources
2019-10-31 15:39:06,559 [Worker-9: Building workspace] INFO  o.e.m.w.i.f.ResourceFilteringBuildParticipant - Changed resources require a complete clean of filtered resources of springmvc1
2019-10-31 15:39:06,559 [Worker-9: Building workspace] INFO  o.e.m.w.i.f.ResourceFilteringBuildParticipant - Executing resource filtering for springmvc1
2019-10-31 15:39:06,563 [Worker-9: Building workspace] INFO  o.e.m.c.i.embedder.EclipseLogger - Using 'UTF-8' encoding to copy filtered resources.
2019-10-31 15:39:07,371 [Worker-5: Download sources and javadoc] INFO  o.e.m.c.i.e.AbstractTransferListenerAdapter - Downloaded https://repo.maven.apache.org/maven2/org/springframework/spring-webmvc/5.2.0.RELEASE/spring-webmvc-5.2.0.RELEASE-sources.jar
2019-10-31 15:39:07,455 [Worker-5: Download sources and javadoc] INFO  o.e.m.j.internal.DownloadSourcesJob - Downloaded sources for org.springframework:spring-webmvc:5.2.0.RELEASE
2019-10-31 15:39:08,200 [Worker-5: Download sources and javadoc] INFO  o.e.m.c.i.e.AbstractTransferListenerAdapter - Downloading https://repo.maven.apache.org/maven2/org/springframework/spring-web/5.2.0.RELEASE/spring-web-5.2.0.RELEASE-sources.jar
2019-10-31 15:39:11,313 [Worker-5: Download sources and javadoc] INFO  o.e.m.c.i.e.AbstractTransferListenerAdapter - Downloaded https://repo.maven.apache.org/maven2/org/springframework/spring-web/5.2.0.RELEASE/spring-web-5.2.0.RELEASE-sources.jar
2019-10-31 15:39:11,399 [Worker-5: Download sources and javadoc] INFO  o.e.m.j.internal.DownloadSourcesJob - Downloaded sources for org.springframework:spring-web:5.2.0.RELEASE
2019-10-31 15:39:11,409 [Worker-5: Download sources and javadoc] INFO  o.e.m.j.internal.DownloadSourcesJob - Downloaded sources for org.springframework:spring-webmvc:5.2.0.RELEASE
2019-10-31 15:39:11,419 [Worker-5: Download sources and javadoc] INFO  o.e.m.j.internal.DownloadSourcesJob - Downloaded sources for org.springframework:spring-web:5.2.0.RELEASE
2019-10-31 15:39:11,643 [Worker-21: Building workspace] INFO  o.e.m.c.i.embedder.EclipseLogger - Using 'UTF-8' encoding to copy filtered resources.
2019-10-31 15:39:11,644 [Worker-21: Building workspace] INFO  o.e.m.c.i.embedder.EclipseLogger - skip non existing resourceDirectory E:\SpringMVC\springmvc1\src\main\resources
2019-10-31 15:39:11,645 [Worker-21: Building workspace] INFO  o.e.m.c.i.embedder.EclipseLogger - Using 'UTF-8' encoding to copy filtered resources.
2019-10-31 15:39:11,645 [Worker-21: Building workspace] INFO  o.e.m.c.i.embedder.EclipseLogger - skip non existing resourceDirectory E:\SpringMVC\springmvc1\src\test\resources
2019-10-31 15:41:50,212 [Worker-9: Building workspace] INFO  o.e.m.c.i.embedder.EclipseLogger - Using 'UTF-8' encoding to copy filtered resources.
2019-10-31 15:41:50,212 [Worker-9: Building workspace] INFO  o.e.m.c.i.embedder.EclipseLogger - skip non existing resourceDirectory E:\SpringMVC\springmvc1\src\main\resources
2019-10-31 15:41:50,213 [Worker-9: Building workspace] INFO  o.e.m.c.i.embedder.EclipseLogger - Using 'UTF-8' encoding to copy filtered resources.
2019-10-31 15:41:50,213 [Worker-9: Building workspace] INFO  o.e.m.c.i.embedder.EclipseLogger - skip non existing resourceDirectory E:\SpringMVC\springmvc1\src\test\resources
2019-10-31 15:43:05,280 [Worker-26: Building workspace] INFO  o.e.m.c.i.embedder.EclipseLogger - Using 'UTF-8' encoding to copy filtered resources.
2019-10-31 15:43:05,281 [Worker-26: Building workspace] INFO  o.e.m.c.i.embedder.EclipseLogger - skip non existing resourceDirectory E:\SpringMVC\springmvc1\src\main\resources
2019-10-31 15:43:05,283 [Worker-26: Building workspace] INFO  o.e.m.c.i.embedder.EclipseLogger - Using 'UTF-8' encoding to copy filtered resources.
2019-10-31 15:43:05,283 [Worker-26: Building workspace] INFO  o.e.m.c.i.embedder.EclipseLogger - skip non existing resourceDirectory E:\SpringMVC\springmvc1\src\test\resources
2019-10-31 15:43:15,673 [Worker-5: Building workspace] INFO  o.e.m.c.i.embedder.EclipseLogger - Using 'UTF-8' encoding to copy filtered resources.
2019-10-31 15:43:15,673 [Worker-5: Building workspace] INFO  o.e.m.c.i.embedder.EclipseLogger - skip non existing resourceDirectory E:\SpringMVC\springmvc1\src\main\resources
2019-10-31 15:43:15,675 [Worker-5: Building workspace] INFO  o.e.m.c.i.embedder.EclipseLogger - Using 'UTF-8' encoding to copy filtered resources.
2019-10-31 15:43:15,675 [Worker-5: Building workspace] INFO  o.e.m.c.i.embedder.EclipseLogger - skip non existing resourceDirectory E:\SpringMVC\springmvc1\src\test\resources
2019-10-31 15:43:40,944 [Worker-27: Updating Maven Project] INFO  o.e.m.c.i.p.ProjectConfigurationManager - Update started
2019-10-31 15:43:41,396 [Worker-27: Updating Maven Project] INFO  o.e.m.c.i.l.LifecycleMappingFactory - Using org.maven.ide.eclipse.wtp.WarLifecycleMapping lifecycle mapping for MavenProject: com.springmvc:springmvc1:0.0.1-SNAPSHOT @ E:\SpringMVC\springmvc1\pom.xml.
2019-10-31 15:43:42,404 [Worker-27: Updating Maven Project] INFO  o.e.m.j.i.AbstractJavaProjectConfigurator - Adding source folder /springmvc1/src/main/java
2019-10-31 15:43:42,405 [Worker-27: Updating Maven Project] INFO  o.e.m.j.i.AbstractJavaProjectConfigurator - Adding source folder /springmvc1/src/test/java
2019-10-31 15:43:42,804 [Worker-27: Updating Maven Project] INFO  o.e.m.c.i.embedder.EclipseLogger - Using 'UTF-8' encoding to copy filtered resources.
2019-10-31 15:43:42,804 [Worker-27: Updating Maven Project] INFO  o.e.m.c.i.embedder.EclipseLogger - skip non existing resourceDirectory E:\SpringMVC\springmvc1\src\main\resources
2019-10-31 15:43:42,806 [Worker-27: Updating Maven Project] INFO  o.e.m.c.i.embedder.EclipseLogger - Using 'UTF-8' encoding to copy filtered resources.
2019-10-31 15:43:42,806 [Worker-27: Updating Maven Project] INFO  o.e.m.c.i.embedder.EclipseLogger - skip non existing resourceDirectory E:\SpringMVC\springmvc1\src\test\resources
2019-10-31 15:43:42,807 [Worker-27: Updating Maven Project] INFO  o.e.m.w.i.f.ResourceFilteringBuildParticipant - Changed resources require a complete clean of filtered resources of springmvc1
2019-10-31 15:43:42,807 [Worker-27: Updating Maven Project] INFO  o.e.m.w.i.f.ResourceFilteringBuildParticipant - Executing resource filtering for springmvc1
2019-10-31 15:43:42,810 [Worker-27: Updating Maven Project] INFO  o.e.m.c.i.embedder.EclipseLogger - Using 'UTF-8' encoding to copy filtered resources.
2019-10-31 15:43:44,069 [Worker-27: Updating Maven Project] INFO  o.e.m.w.i.f.ResourceFilteringBuildParticipant - Cleaning filtered folder for springmvc1
2019-10-31 15:43:44,093 [Worker-27: Updating Maven Project] INFO  o.e.m.c.i.p.ProjectConfigurationManager - Update completed: 3 sec
2019-10-31 15:43:46,283 [Worker-28: Building workspace] INFO  o.e.m.c.i.embedder.EclipseLogger - Using 'UTF-8' encoding to copy filtered resources.
2019-10-31 15:43:46,283 [Worker-28: Building workspace] INFO  o.e.m.c.i.embedder.EclipseLogger - skip non existing resourceDirectory E:\SpringMVC\springmvc1\src\main\resources
2019-10-31 15:43:46,284 [Worker-28: Building workspace] INFO  o.e.m.c.i.embedder.EclipseLogger - Using 'UTF-8' encoding to copy filtered resources.
2019-10-31 15:43:46,284 [Worker-28: Building workspace] INFO  o.e.m.c.i.embedder.EclipseLogger - skip non existing resourceDirectory E:\SpringMVC\springmvc1\src\test\resources
2019-10-31 15:43:46,285 [Worker-28: Building workspace] INFO  o.e.m.w.i.f.ResourceFilteringBuildParticipant - Changed resources require a complete clean of filtered resources of springmvc1
2019-10-31 15:43:46,285 [Worker-28: Building workspace] INFO  o.e.m.w.i.f.ResourceFilteringBuildParticipant - Executing resource filtering for springmvc1
2019-10-31 15:43:46,295 [Worker-28: Building workspace] INFO  o.e.m.c.i.embedder.EclipseLogger - Using 'UTF-8' encoding to copy filtered resources.
2019-10-31 15:44:12,939 [Worker-26: Building workspace] INFO  o.e.m.c.i.embedder.EclipseLogger - Using 'UTF-8' encoding to copy filtered resources.
2019-10-31 15:44:12,940 [Worker-26: Building workspace] INFO  o.e.m.c.i.embedder.EclipseLogger - skip non existing resourceDirectory E:\SpringMVC\springmvc1\src\main\resources
2019-10-31 15:44:12,941 [Worker-26: Building workspace] INFO  o.e.m.c.i.embedder.EclipseLogger - Using 'UTF-8' encoding to copy filtered resources.
2019-10-31 15:44:12,941 [Worker-26: Building workspace] INFO  o.e.m.c.i.embedder.EclipseLogger - skip non existing resourceDirectory E:\SpringMVC\springmvc1\src\test\resources
2019-10-31 16:29:05,794 [Worker-39: Updating Maven Project] INFO  o.e.m.c.i.p.ProjectConfigurationManager - Update started
2019-10-31 16:29:06,250 [Worker-39: Updating Maven Project] INFO  o.e.m.c.i.l.LifecycleMappingFactory - Using org.maven.ide.eclipse.wtp.WarLifecycleMapping lifecycle mapping for MavenProject: com.springmvc:springmvc1:0.0.1-SNAPSHOT @ E:\SpringMVC\springmvc1\pom.xml.
2019-10-31 16:29:07,064 [Worker-39: Updating Maven Project] INFO  o.e.m.j.i.AbstractJavaProjectConfigurator - Adding source folder /springmvc1/src/main/java
2019-10-31 16:29:07,065 [Worker-39: Updating Maven Project] INFO  o.e.m.j.i.AbstractJavaProjectConfigurator - Adding source folder /springmvc1/src/test/java
2019-10-31 16:29:08,302 [Worker-39: Updating Maven Project] INFO  o.e.m.c.i.embedder.EclipseLogger - Using 'UTF-8' encoding to copy filtered resources.
2019-10-31 16:29:08,303 [Worker-39: Updating Maven Project] INFO  o.e.m.c.i.embedder.EclipseLogger - skip non existing resourceDirectory E:\SpringMVC\springmvc1\src\main\resources
2019-10-31 16:29:08,305 [Worker-39: Updating Maven Project] INFO  o.e.m.c.i.embedder.EclipseLogger - Using 'UTF-8' encoding to copy filtered resources.
2019-10-31 16:29:08,305 [Worker-39: Updating Maven Project] INFO  o.e.m.c.i.embedder.EclipseLogger - skip non existing resourceDirectory E:\SpringMVC\springmvc1\src\test\resources
2019-10-31 16:29:08,306 [Worker-39: Updating Maven Project] INFO  o.e.m.w.i.f.ResourceFilteringBuildParticipant - Changed resources require a complete clean of filtered resources of springmvc1
2019-10-31 16:29:08,306 [Worker-39: Updating Maven Project] INFO  o.e.m.w.i.f.ResourceFilteringBuildParticipant - Executing resource filtering for springmvc1
2019-10-31 16:29:08,310 [Worker-39: Updating Maven Project] INFO  o.e.m.c.i.embedder.EclipseLogger - Using 'UTF-8' encoding to copy filtered resources.
2019-10-31 16:29:08,486 [Worker-39: Updating Maven Project] INFO  o.e.m.w.i.f.ResourceFilteringBuildParticipant - Cleaning filtered folder for springmvc1
2019-10-31 16:29:08,524 [Worker-39: Updating Maven Project] INFO  o.e.m.c.i.p.ProjectConfigurationManager - Update completed: 2 sec
2019-10-31 16:29:08,868 [Worker-45: Building workspace] INFO  o.e.m.c.i.embedder.EclipseLogger - Using 'UTF-8' encoding to copy filtered resources.
2019-10-31 16:29:08,868 [Worker-45: Building workspace] INFO  o.e.m.c.i.embedder.EclipseLogger - skip non existing resourceDirectory E:\SpringMVC\springmvc1\src\main\resources
2019-10-31 16:29:08,869 [Worker-45: Building workspace] INFO  o.e.m.c.i.embedder.EclipseLogger - Using 'UTF-8' encoding to copy filtered resources.
2019-10-31 16:29:08,869 [Worker-45: Building workspace] INFO  o.e.m.c.i.embedder.EclipseLogger - skip non existing resourceDirectory E:\SpringMVC\springmvc1\src\test\resources
2019-10-31 16:29:08,876 [Worker-45: Building workspace] INFO  o.e.m.w.i.f.ResourceFilteringBuildParticipant - Changed resources require a complete clean of filtered resources of springmvc1
2019-10-31 16:29:08,876 [Worker-45: Building workspace] INFO  o.e.m.w.i.f.ResourceFilteringBuildParticipant - Executing resource filtering for springmvc1
2019-10-31 16:29:08,883 [Worker-45: Building workspace] INFO  o.e.m.c.i.embedder.EclipseLogger - Using 'UTF-8' encoding to copy filtered resources.
2019-10-31 16:29:27,850 [Worker-41: Building workspace] INFO  o.e.m.c.i.embedder.EclipseLogger - Using 'UTF-8' encoding to copy filtered resources.
2019-10-31 16:29:27,850 [Worker-41: Building workspace] INFO  o.e.m.c.i.embedder.EclipseLogger - skip non existing resourceDirectory E:\SpringMVC\springmvc1\src\main\resources
2019-10-31 16:29:27,851 [Worker-41: Building workspace] INFO  o.e.m.c.i.embedder.EclipseLogger - Using 'UTF-8' encoding to copy filtered resources.
2019-10-31 16:29:27,851 [Worker-41: Building workspace] INFO  o.e.m.c.i.embedder.EclipseLogger - skip non existing resourceDirectory E:\SpringMVC\springmvc1\src\test\resources
2019-10-31 16:32:09,646 [Worker-37: Building workspace] INFO  o.e.m.c.i.embedder.EclipseLogger - Using 'UTF-8' encoding to copy filtered resources.
2019-10-31 16:32:09,646 [Worker-37: Building workspace] INFO  o.e.m.c.i.embedder.EclipseLogger - skip non existing resourceDirectory E:\SpringMVC\springmvc1\src\main\resources
2019-10-31 16:32:09,647 [Worker-37: Building workspace] INFO  o.e.m.c.i.embedder.EclipseLogger - Using 'UTF-8' encoding to copy filtered resources.
2019-10-31 16:32:09,647 [Worker-37: Building workspace] INFO  o.e.m.c.i.embedder.EclipseLogger - skip non existing resourceDirectory E:\SpringMVC\springmvc1\src\test\resources
2019-10-31 16:32:33,413 [Worker-47: Building workspace] INFO  o.e.m.c.i.embedder.EclipseLogger - Using 'UTF-8' encoding to copy filtered resources.
2019-10-31 16:32:33,413 [Worker-47: Building workspace] INFO  o.e.m.c.i.embedder.EclipseLogger - skip non existing resourceDirectory E:\SpringMVC\springmvc1\src\main\resources
2019-10-31 16:32:33,417 [Worker-47: Building workspace] INFO  o.e.m.c.i.embedder.EclipseLogger - Using 'UTF-8' encoding to copy filtered resources.
2019-10-31 16:32:33,417 [Worker-47: Building workspace] INFO  o.e.m.c.i.embedder.EclipseLogger - skip non existing resourceDirectory E:\SpringMVC\springmvc1\src\test\resources
2019-10-31 16:32:56,083 [Worker-37: Building workspace] INFO  o.e.m.c.i.embedder.EclipseLogger - Using 'UTF-8' encoding to copy filtered resources.
2019-10-31 16:32:56,083 [Worker-37: Building workspace] INFO  o.e.m.c.i.embedder.EclipseLogger - skip non existing resourceDirectory E:\SpringMVC\springmvc1\src\main\resources
2019-10-31 16:32:56,084 [Worker-37: Building workspace] INFO  o.e.m.c.i.embedder.EclipseLogger - Using 'UTF-8' encoding to copy filtered resources.
2019-10-31 16:32:56,084 [Worker-37: Building workspace] INFO  o.e.m.c.i.embedder.EclipseLogger - skip non existing resourceDirectory E:\SpringMVC\springmvc1\src\test\resources
2019-10-31 16:33:28,666 [Worker-47: Building workspace] INFO  o.e.m.c.i.embedder.EclipseLogger - Using 'UTF-8' encoding to copy filtered resources.
2019-10-31 16:33:28,667 [Worker-47: Building workspace] INFO  o.e.m.c.i.embedder.EclipseLogger - skip non existing resourceDirectory E:\SpringMVC\springmvc1\src\main\resources
2019-10-31 16:33:28,670 [Worker-47: Building workspace] INFO  o.e.m.c.i.embedder.EclipseLogger - Using 'UTF-8' encoding to copy filtered resources.
2019-10-31 16:33:28,670 [Worker-47: Building workspace] INFO  o.e.m.c.i.embedder.EclipseLogger - skip non existing resourceDirectory E:\SpringMVC\springmvc1\src\test\resources
2019-10-31 16:33:43,568 [Worker-37: Building workspace] INFO  o.e.m.c.i.embedder.EclipseLogger - Using 'UTF-8' encoding to copy filtered resources.
2019-10-31 16:33:43,569 [Worker-37: Building workspace] INFO  o.e.m.c.i.embedder.EclipseLogger - skip non existing resourceDirectory E:\SpringMVC\springmvc1\src\main\resources
2019-10-31 16:33:43,570 [Worker-37: Building workspace] INFO  o.e.m.c.i.embedder.EclipseLogger - Using 'UTF-8' encoding to copy filtered resources.
2019-10-31 16:33:43,570 [Worker-37: Building workspace] INFO  o.e.m.c.i.embedder.EclipseLogger - skip non existing resourceDirectory E:\SpringMVC\springmvc1\src\test\resources
2019-10-31 16:34:05,121 [Worker-46: Building workspace] INFO  o.e.m.c.i.embedder.EclipseLogger - Using 'UTF-8' encoding to copy filtered resources.
2019-10-31 16:34:05,121 [Worker-46: Building workspace] INFO  o.e.m.c.i.embedder.EclipseLogger - skip non existing resourceDirectory E:\SpringMVC\springmvc1\src\main\resources
2019-10-31 16:34:05,122 [Worker-46: Building workspace] INFO  o.e.m.c.i.embedder.EclipseLogger - Using 'UTF-8' encoding to copy filtered resources.
2019-10-31 16:34:05,122 [Worker-46: Building workspace] INFO  o.e.m.c.i.embedder.EclipseLogger - skip non existing resourceDirectory E:\SpringMVC\springmvc1\src\test\resources
2019-10-31 16:35:29,969 [Worker-43: Building workspace] INFO  o.e.m.c.i.embedder.EclipseLogger - Using 'UTF-8' encoding to copy filtered resources.
2019-10-31 16:35:29,969 [Worker-43: Building workspace] INFO  o.e.m.c.i.embedder.EclipseLogger - skip non existing resourceDirectory E:\SpringMVC\springmvc1\src\main\resources
2019-10-31 16:35:29,970 [Worker-43: Building workspace] INFO  o.e.m.c.i.embedder.EclipseLogger - Using 'UTF-8' encoding to copy filtered resources.
2019-10-31 16:35:29,971 [Worker-43: Building workspace] INFO  o.e.m.c.i.embedder.EclipseLogger - skip non existing resourceDirectory E:\SpringMVC\springmvc1\src\test\resources
2019-10-31 16:37:17,330 [Worker-49: Building workspace] INFO  o.e.m.c.i.embedder.EclipseLogger - Using 'UTF-8' encoding to copy filtered resources.
2019-10-31 16:37:17,331 [Worker-49: Building workspace] INFO  o.e.m.c.i.embedder.EclipseLogger - skip non existing resourceDirectory E:\SpringMVC\springmvc1\src\main\resources
2019-10-31 16:37:17,331 [Worker-49: Building workspace] INFO  o.e.m.c.i.embedder.EclipseLogger - Using 'UTF-8' encoding to copy filtered resources.
2019-10-31 16:37:17,332 [Worker-49: Building workspace] INFO  o.e.m.c.i.embedder.EclipseLogger - skip non existing resourceDirectory E:\SpringMVC\springmvc1\src\test\resources
2019-10-31 16:37:45,415 [Worker-49: Building workspace] INFO  o.e.m.c.i.embedder.EclipseLogger - Using 'UTF-8' encoding to copy filtered resources.
2019-10-31 16:37:45,416 [Worker-49: Building workspace] INFO  o.e.m.c.i.embedder.EclipseLogger - skip non existing resourceDirectory E:\SpringMVC\springmvc1\src\main\resources
2019-10-31 16:37:45,419 [Worker-49: Building workspace] INFO  o.e.m.c.i.embedder.EclipseLogger - Using 'UTF-8' encoding to copy filtered resources.
2019-10-31 16:37:45,420 [Worker-49: Building workspace] INFO  o.e.m.c.i.embedder.EclipseLogger - skip non existing resourceDirectory E:\SpringMVC\springmvc1\src\test\resources
2019-10-31 16:41:14,666 [Worker-49: Updating Maven Project] INFO  o.e.m.c.i.p.ProjectConfigurationManager - Update started
2019-10-31 16:41:15,033 [Worker-49: Updating Maven Project] INFO  o.e.m.c.i.l.LifecycleMappingFactory - Using org.maven.ide.eclipse.wtp.WarLifecycleMapping lifecycle mapping for MavenProject: com.springmvc:springmvc1:0.0.1-SNAPSHOT @ E:\SpringMVC\springmvc1\pom.xml.
2019-10-31 16:41:15,906 [Worker-49: Updating Maven Project] INFO  o.e.m.j.i.AbstractJavaProjectConfigurator - Adding source folder /springmvc1/src/main/java
2019-10-31 16:41:15,906 [Worker-49: Updating Maven Project] INFO  o.e.m.j.i.AbstractJavaProjectConfigurator - Adding source folder /springmvc1/src/test/java
2019-10-31 16:41:15,967 [Worker-49: Updating Maven Project] ERROR o.e.m2e.wtp.WTPProjectConfigurator - Unable to configure springmvc1
org.eclipse.m2e.wtp.MarkedException: Unable to configure springmvc1
	at org.eclipse.m2e.wtp.AbstractProjectConfiguratorDelegate.configureProject(AbstractProjectConfiguratorDelegate.java:99) ~[na:na]
	at org.eclipse.m2e.wtp.WTPProjectConfigurator.configure(WTPProjectConfigurator.java:68) ~[na:na]
	at org.eclipse.m2e.core.project.configurator.AbstractLifecycleMapping.configure(AbstractLifecycleMapping.java:120) [org.eclipse.m2e.core_1.12.0.20190529-1916.jar:na]
	at org.eclipse.m2e.core.internal.project.ProjectConfigurationManager$3.call(ProjectConfigurationManager.java:508) [org.eclipse.m2e.core_1.12.0.20190529-1916.jar:na]
	at org.eclipse.m2e.core.internal.project.ProjectConfigurationManager$3.call(ProjectConfigurationManager.java:1) [org.eclipse.m2e.core_1.12.0.20190529-1916.jar:na]
	at org.eclipse.m2e.core.internal.embedder.MavenExecutionContext.executeBare(MavenExecutionContext.java:177) [org.eclipse.m2e.core_1.12.0.20190529-1916.jar:na]
	at org.eclipse.m2e.core.internal.embedder.MavenExecutionContext.execute(MavenExecutionContext.java:151) [org.eclipse.m2e.core_1.12.0.20190529-1916.jar:na]
	at org.eclipse.m2e.core.internal.project.ProjectConfigurationManager.updateProjectConfiguration(ProjectConfigurationManager.java:501) [org.eclipse.m2e.core_1.12.0.20190529-1916.jar:na]
	at org.eclipse.m2e.core.internal.project.ProjectConfigurationManager.updateProjectConfiguration0(ProjectConfigurationManager.java:439) [org.eclipse.m2e.core_1.12.0.20190529-1916.jar:na]
	at org.eclipse.m2e.core.internal.project.ProjectConfigurationManager$2.call(ProjectConfigurationManager.java:352) [org.eclipse.m2e.core_1.12.0.20190529-1916.jar:na]
	at org.eclipse.m2e.core.internal.project.ProjectConfigurationManager$2.call(ProjectConfigurationManager.java:1) [org.eclipse.m2e.core_1.12.0.20190529-1916.jar:na]
	at org.eclipse.m2e.core.internal.embedder.MavenExecutionContext.executeBare(MavenExecutionContext.java:177) [org.eclipse.m2e.core_1.12.0.20190529-1916.jar:na]
	at org.eclipse.m2e.core.internal.embedder.MavenExecutionContext.execute(MavenExecutionContext.java:151) [org.eclipse.m2e.core_1.12.0.20190529-1916.jar:na]
	at org.eclipse.m2e.core.internal.embedder.MavenExecutionContext.execute(MavenExecutionContext.java:99) [org.eclipse.m2e.core_1.12.0.20190529-1916.jar:na]
	at org.eclipse.m2e.core.internal.embedder.MavenImpl.execute(MavenImpl.java:1370) [org.eclipse.m2e.core_1.12.0.20190529-1916.jar:na]
	at org.eclipse.m2e.core.internal.project.ProjectConfigurationManager.updateProjectConfiguration(ProjectConfigurationManager.java:349) [org.eclipse.m2e.core_1.12.0.20190529-1916.jar:na]
	at org.eclipse.m2e.core.ui.internal.UpdateMavenProjectJob.runInWorkspace(UpdateMavenProjectJob.java:77) [org.eclipse.m2e.core.ui_1.12.0.20190529-1916.jar:na]
	at org.eclipse.core.internal.resources.InternalWorkspaceJob.run(InternalWorkspaceJob.java:42) [org.eclipse.core.resources_3.13.400.v20190505-1655.jar:na]
	at org.eclipse.core.internal.jobs.Worker.run(Worker.java:63) [org.eclipse.core.jobs_3.10.400.v20190506-1457.jar:na]
Caused by: org.eclipse.core.runtime.CoreException: One or more constraints have not been satisfied.
	at org.eclipse.wst.common.project.facet.core.internal.FacetedProject.modifyInternal(FacetedProject.java:363) ~[na:na]
	at org.eclipse.wst.common.project.facet.core.internal.FacetedProject.mergeChangesInternal(FacetedProject.java:1181) ~[na:na]
	at org.eclipse.wst.common.project.facet.core.internal.FacetedProject.access$2(FacetedProject.java:1117) ~[na:na]
	at org.eclipse.wst.common.project.facet.core.internal.FacetedProject$1.run(FacetedProject.java:324) ~[na:na]
	at org.eclipse.core.internal.resources.Workspace.run(Workspace.java:2295) ~[org.eclipse.core.resources_3.13.400.v20190505-1655.jar:na]
	at org.eclipse.core.internal.resources.Workspace.run(Workspace.java:2322) ~[org.eclipse.core.resources_3.13.400.v20190505-1655.jar:na]
	at org.eclipse.wst.common.project.facet.core.internal.FacetedProject.modify(FacetedProject.java:339) ~[na:na]
	at org.eclipse.m2e.wtp.WebProjectConfiguratorDelegate.configure(WebProjectConfiguratorDelegate.java:136) ~[na:na]
	at org.eclipse.m2e.wtp.AbstractProjectConfiguratorDelegate.configureProject(AbstractProjectConfiguratorDelegate.java:95) ~[na:na]
	... 18 common frames omitted
2019-10-31 16:41:16,386 [Worker-49: Updating Maven Project] INFO  o.e.m.c.i.embedder.EclipseLogger - Using 'UTF-8' encoding to copy filtered resources.
2019-10-31 16:41:16,387 [Worker-49: Updating Maven Project] INFO  o.e.m.c.i.embedder.EclipseLogger - skip non existing resourceDirectory E:\SpringMVC\springmvc1\src\main\resources
2019-10-31 16:41:16,388 [Worker-49: Updating Maven Project] INFO  o.e.m.c.i.embedder.EclipseLogger - Using 'UTF-8' encoding to copy filtered resources.
2019-10-31 16:41:16,388 [Worker-49: Updating Maven Project] INFO  o.e.m.c.i.embedder.EclipseLogger - skip non existing resourceDirectory E:\SpringMVC\springmvc1\src\test\resources
2019-10-31 16:41:16,389 [Worker-49: Updating Maven Project] INFO  o.e.m.w.i.f.ResourceFilteringBuildParticipant - Changed resources require a complete clean of filtered resources of springmvc1
2019-10-31 16:41:16,389 [Worker-49: Updating Maven Project] INFO  o.e.m.w.i.f.ResourceFilteringBuildParticipant - Executing resource filtering for springmvc1
2019-10-31 16:41:16,392 [Worker-49: Updating Maven Project] INFO  o.e.m.c.i.embedder.EclipseLogger - Using 'UTF-8' encoding to copy filtered resources.
2019-10-31 16:41:16,452 [Worker-49: Updating Maven Project] INFO  o.e.m.w.i.f.ResourceFilteringBuildParticipant - Cleaning filtered folder for springmvc1
2019-10-31 16:41:16,455 [Worker-49: Updating Maven Project] INFO  o.e.m.c.i.p.ProjectConfigurationManager - Update completed: 1 sec
2019-10-31 16:41:18,405 [Worker-60: Building workspace] INFO  o.e.m.c.i.embedder.EclipseLogger - Using 'UTF-8' encoding to copy filtered resources.
2019-10-31 16:41:18,405 [Worker-60: Building workspace] INFO  o.e.m.c.i.embedder.EclipseLogger - skip non existing resourceDirectory E:\SpringMVC\springmvc1\src\main\resources
2019-10-31 16:41:18,407 [Worker-60: Building workspace] INFO  o.e.m.c.i.embedder.EclipseLogger - Using 'UTF-8' encoding to copy filtered resources.
2019-10-31 16:41:18,408 [Worker-60: Building workspace] INFO  o.e.m.c.i.embedder.EclipseLogger - skip non existing resourceDirectory E:\SpringMVC\springmvc1\src\test\resources
2019-10-31 16:41:18,408 [Worker-60: Building workspace] INFO  o.e.m.w.i.f.ResourceFilteringBuildParticipant - Changed resources require a complete clean of filtered resources of springmvc1
2019-10-31 16:41:18,408 [Worker-60: Building workspace] INFO  o.e.m.w.i.f.ResourceFilteringBuildParticipant - Executing resource filtering for springmvc1
2019-10-31 16:41:18,437 [Worker-60: Building workspace] INFO  o.e.m.c.i.embedder.EclipseLogger - Using 'UTF-8' encoding to copy filtered resources.
2019-10-31 16:41:54,550 [Worker-53: Updating Maven Project] INFO  o.e.m.c.i.p.ProjectConfigurationManager - Update started
2019-10-31 16:41:54,922 [Worker-53: Updating Maven Project] INFO  o.e.m.c.i.l.LifecycleMappingFactory - Using org.maven.ide.eclipse.wtp.WarLifecycleMapping lifecycle mapping for MavenProject: com.springmvc:springmvc1:0.0.1-SNAPSHOT @ E:\SpringMVC\springmvc1\pom.xml.
2019-10-31 16:41:55,769 [Worker-53: Updating Maven Project] INFO  o.e.m.j.i.AbstractJavaProjectConfigurator - Adding source folder /springmvc1/src/main/java
2019-10-31 16:41:55,770 [Worker-53: Updating Maven Project] INFO  o.e.m.j.i.AbstractJavaProjectConfigurator - Adding source folder /springmvc1/src/test/java
2019-10-31 16:41:55,857 [Worker-53: Updating Maven Project] ERROR o.e.m2e.wtp.WTPProjectConfigurator - Unable to configure springmvc1
org.eclipse.m2e.wtp.MarkedException: Unable to configure springmvc1
	at org.eclipse.m2e.wtp.AbstractProjectConfiguratorDelegate.configureProject(AbstractProjectConfiguratorDelegate.java:99) ~[na:na]
	at org.eclipse.m2e.wtp.WTPProjectConfigurator.configure(WTPProjectConfigurator.java:68) ~[na:na]
	at org.eclipse.m2e.core.project.configurator.AbstractLifecycleMapping.configure(AbstractLifecycleMapping.java:120) [org.eclipse.m2e.core_1.12.0.20190529-1916.jar:na]
	at org.eclipse.m2e.core.internal.project.ProjectConfigurationManager$3.call(ProjectConfigurationManager.java:508) [org.eclipse.m2e.core_1.12.0.20190529-1916.jar:na]
	at org.eclipse.m2e.core.internal.project.ProjectConfigurationManager$3.call(ProjectConfigurationManager.java:1) [org.eclipse.m2e.core_1.12.0.20190529-1916.jar:na]
	at org.eclipse.m2e.core.internal.embedder.MavenExecutionContext.executeBare(MavenExecutionContext.java:177) [org.eclipse.m2e.core_1.12.0.20190529-1916.jar:na]
	at org.eclipse.m2e.core.internal.embedder.MavenExecutionContext.execute(MavenExecutionContext.java:151) [org.eclipse.m2e.core_1.12.0.20190529-1916.jar:na]
	at org.eclipse.m2e.core.internal.project.ProjectConfigurationManager.updateProjectConfiguration(ProjectConfigurationManager.java:501) [org.eclipse.m2e.core_1.12.0.20190529-1916.jar:na]
	at org.eclipse.m2e.core.internal.project.ProjectConfigurationManager.updateProjectConfiguration0(ProjectConfigurationManager.java:439) [org.eclipse.m2e.core_1.12.0.20190529-1916.jar:na]
	at org.eclipse.m2e.core.internal.project.ProjectConfigurationManager$2.call(ProjectConfigurationManager.java:352) [org.eclipse.m2e.core_1.12.0.20190529-1916.jar:na]
	at org.eclipse.m2e.core.internal.project.ProjectConfigurationManager$2.call(ProjectConfigurationManager.java:1) [org.eclipse.m2e.core_1.12.0.20190529-1916.jar:na]
	at org.eclipse.m2e.core.internal.embedder.MavenExecutionContext.executeBare(MavenExecutionContext.java:177) [org.eclipse.m2e.core_1.12.0.20190529-1916.jar:na]
	at org.eclipse.m2e.core.internal.embedder.MavenExecutionContext.execute(MavenExecutionContext.java:151) [org.eclipse.m2e.core_1.12.0.20190529-1916.jar:na]
	at org.eclipse.m2e.core.internal.embedder.MavenExecutionContext.execute(MavenExecutionContext.java:99) [org.eclipse.m2e.core_1.12.0.20190529-1916.jar:na]
	at org.eclipse.m2e.core.internal.embedder.MavenImpl.execute(MavenImpl.java:1370) [org.eclipse.m2e.core_1.12.0.20190529-1916.jar:na]
	at org.eclipse.m2e.core.internal.project.ProjectConfigurationManager.updateProjectConfiguration(ProjectConfigurationManager.java:349) [org.eclipse.m2e.core_1.12.0.20190529-1916.jar:na]
	at org.eclipse.m2e.core.ui.internal.UpdateMavenProjectJob.runInWorkspace(UpdateMavenProjectJob.java:77) [org.eclipse.m2e.core.ui_1.12.0.20190529-1916.jar:na]
	at org.eclipse.core.internal.resources.InternalWorkspaceJob.run(InternalWorkspaceJob.java:42) [org.eclipse.core.resources_3.13.400.v20190505-1655.jar:na]
	at org.eclipse.core.internal.jobs.Worker.run(Worker.java:63) [org.eclipse.core.jobs_3.10.400.v20190506-1457.jar:na]
Caused by: org.eclipse.core.runtime.CoreException: One or more constraints have not been satisfied.
	at org.eclipse.wst.common.project.facet.core.internal.FacetedProject.modifyInternal(FacetedProject.java:363) ~[na:na]
	at org.eclipse.wst.common.project.facet.core.internal.FacetedProject.mergeChangesInternal(FacetedProject.java:1181) ~[na:na]
	at org.eclipse.wst.common.project.facet.core.internal.FacetedProject.access$2(FacetedProject.java:1117) ~[na:na]
	at org.eclipse.wst.common.project.facet.core.internal.FacetedProject$1.run(FacetedProject.java:324) ~[na:na]
	at org.eclipse.core.internal.resources.Workspace.run(Workspace.java:2295) ~[org.eclipse.core.resources_3.13.400.v20190505-1655.jar:na]
	at org.eclipse.core.internal.resources.Workspace.run(Workspace.java:2322) ~[org.eclipse.core.resources_3.13.400.v20190505-1655.jar:na]
	at org.eclipse.wst.common.project.facet.core.internal.FacetedProject.modify(FacetedProject.java:339) ~[na:na]
	at org.eclipse.m2e.wtp.WebProjectConfiguratorDelegate.configure(WebProjectConfiguratorDelegate.java:136) ~[na:na]
	at org.eclipse.m2e.wtp.AbstractProjectConfiguratorDelegate.configureProject(AbstractProjectConfiguratorDelegate.java:95) ~[na:na]
	... 18 common frames omitted
2019-10-31 16:41:56,351 [Worker-53: Updating Maven Project] INFO  o.e.m.c.i.embedder.EclipseLogger - Using 'UTF-8' encoding to copy filtered resources.
2019-10-31 16:41:56,351 [Worker-53: Updating Maven Project] INFO  o.e.m.c.i.embedder.EclipseLogger - skip non existing resourceDirectory E:\SpringMVC\springmvc1\src\main\resources
2019-10-31 16:41:56,353 [Worker-53: Updating Maven Project] INFO  o.e.m.c.i.embedder.EclipseLogger - Using 'UTF-8' encoding to copy filtered resources.
2019-10-31 16:41:56,353 [Worker-53: Updating Maven Project] INFO  o.e.m.c.i.embedder.EclipseLogger - skip non existing resourceDirectory E:\SpringMVC\springmvc1\src\test\resources
2019-10-31 16:41:56,353 [Worker-53: Updating Maven Project] INFO  o.e.m.w.i.f.ResourceFilteringBuildParticipant - Changed resources require a complete clean of filtered resources of springmvc1
2019-10-31 16:41:56,353 [Worker-53: Updating Maven Project] INFO  o.e.m.w.i.f.ResourceFilteringBuildParticipant - Executing resource filtering for springmvc1
2019-10-31 16:41:56,357 [Worker-53: Updating Maven Project] INFO  o.e.m.c.i.embedder.EclipseLogger - Using 'UTF-8' encoding to copy filtered resources.
2019-10-31 16:41:56,533 [Worker-53: Updating Maven Project] INFO  o.e.m.w.i.f.ResourceFilteringBuildParticipant - Cleaning filtered folder for springmvc1
2019-10-31 16:41:56,537 [Worker-53: Updating Maven Project] INFO  o.e.m.c.i.p.ProjectConfigurationManager - Update completed: 1 sec
2019-10-31 16:41:57,650 [Worker-54: Building workspace] INFO  o.e.m.c.i.embedder.EclipseLogger - Using 'UTF-8' encoding to copy filtered resources.
2019-10-31 16:41:57,650 [Worker-54: Building workspace] INFO  o.e.m.c.i.embedder.EclipseLogger - skip non existing resourceDirectory E:\SpringMVC\springmvc1\src\main\resources
2019-10-31 16:41:57,653 [Worker-54: Building workspace] INFO  o.e.m.c.i.embedder.EclipseLogger - Using 'UTF-8' encoding to copy filtered resources.
2019-10-31 16:41:57,653 [Worker-54: Building workspace] INFO  o.e.m.c.i.embedder.EclipseLogger - skip non existing resourceDirectory E:\SpringMVC\springmvc1\src\test\resources
2019-10-31 16:41:57,654 [Worker-54: Building workspace] INFO  o.e.m.w.i.f.ResourceFilteringBuildParticipant - Changed resources require a complete clean of filtered resources of springmvc1
2019-10-31 16:41:57,654 [Worker-54: Building workspace] INFO  o.e.m.w.i.f.ResourceFilteringBuildParticipant - Executing resource filtering for springmvc1
2019-10-31 16:41:57,657 [Worker-54: Building workspace] INFO  o.e.m.c.i.embedder.EclipseLogger - Using 'UTF-8' encoding to copy filtered resources.
2019-10-31 16:47:19,501 [main] INFO  o.e.m2e.actions.ExecutePomAction - Creating new launch configuration
2019-10-31 16:47:28,573 [Worker-59: Launching springmvc1 (1)] INFO  o.e.m.i.launch.MavenLaunchDelegate - E:\SpringMVC\springmvc1
2019-10-31 16:47:28,574 [Worker-59: Launching springmvc1 (1)] INFO  o.e.m.i.launch.MavenLaunchDelegate -  mvn -B clean install
2019-10-31 17:03:33,649 [Worker-75: Building workspace] INFO  o.e.m.c.i.e.AbstractTransferListenerAdapter - Downloading https://repo.maven.apache.org/maven2/org/apache/maven/plugins/maven-compiler-plugin/3.2/maven-compiler-plugin-3.2.jar
2019-10-31 17:03:34,469 [Worker-75: Building workspace] INFO  o.e.m.c.i.e.AbstractTransferListenerAdapter - Downloaded https://repo.maven.apache.org/maven2/org/apache/maven/plugins/maven-compiler-plugin/3.2/maven-compiler-plugin-3.2.jar
2019-10-31 17:03:34,972 [Worker-75: Building workspace] INFO  o.e.m.c.i.e.AbstractTransferListenerAdapter - Downloading https://repo.maven.apache.org/maven2/org/apache/maven/plugins/maven-war-plugin/2.2/maven-war-plugin-2.2.jar
2019-10-31 17:03:35,522 [Worker-75: Building workspace] INFO  o.e.m.c.i.e.AbstractTransferListenerAdapter - Downloaded https://repo.maven.apache.org/maven2/org/apache/maven/plugins/maven-war-plugin/2.2/maven-war-plugin-2.2.jar
2019-10-31 17:03:36,011 [Worker-75: Building workspace] INFO  o.e.m.c.i.e.AbstractTransferListenerAdapter - Downloading https://repo.maven.apache.org/maven2/org/apache/maven/plugins/maven-compiler-plugin/3.2/maven-compiler-plugin-3.2.pom
2019-10-31 17:03:36,262 [Worker-75: Building workspace] INFO  o.e.m.c.i.e.AbstractTransferListenerAdapter - Downloaded https://repo.maven.apache.org/maven2/org/apache/maven/plugins/maven-compiler-plugin/3.2/maven-compiler-plugin-3.2.pom
2019-10-31 17:03:37,639 [Worker-75: Building workspace] INFO  o.e.m.c.i.e.AbstractTransferListenerAdapter - Downloading https://repo.maven.apache.org/maven2/org/codehaus/plexus/plexus-compiler-api/2.4/plexus-compiler-api-2.4.pom
2019-10-31 17:03:37,877 [Worker-75: Building workspace] INFO  o.e.m.c.i.e.AbstractTransferListenerAdapter - Downloaded https://repo.maven.apache.org/maven2/org/codehaus/plexus/plexus-compiler-api/2.4/plexus-compiler-api-2.4.pom
2019-10-31 17:03:38,119 [Worker-75: Building workspace] INFO  o.e.m.c.i.e.AbstractTransferListenerAdapter - Downloading https://repo.maven.apache.org/maven2/org/codehaus/plexus/plexus-compiler/2.4/plexus-compiler-2.4.pom
2019-10-31 17:03:38,359 [Worker-75: Building workspace] INFO  o.e.m.c.i.e.AbstractTransferListenerAdapter - Downloaded https://repo.maven.apache.org/maven2/org/codehaus/plexus/plexus-compiler/2.4/plexus-compiler-2.4.pom
2019-10-31 17:03:38,599 [Worker-75: Building workspace] INFO  o.e.m.c.i.e.AbstractTransferListenerAdapter - Downloading https://repo.maven.apache.org/maven2/org/codehaus/plexus/plexus-utils/3.0.10/plexus-utils-3.0.10.pom
2019-10-31 17:03:38,839 [Worker-75: Building workspace] INFO  o.e.m.c.i.e.AbstractTransferListenerAdapter - Downloaded https://repo.maven.apache.org/maven2/org/codehaus/plexus/plexus-utils/3.0.10/plexus-utils-3.0.10.pom
2019-10-31 17:03:39,097 [Worker-75: Building workspace] INFO  o.e.m.c.i.e.AbstractTransferListenerAdapter - Downloading https://repo.maven.apache.org/maven2/org/codehaus/plexus/plexus/3.3/plexus-3.3.pom
2019-10-31 17:03:39,341 [Worker-75: Building workspace] INFO  o.e.m.c.i.e.AbstractTransferListenerAdapter - Downloaded https://repo.maven.apache.org/maven2/org/codehaus/plexus/plexus/3.3/plexus-3.3.pom
2019-10-31 17:03:39,578 [Worker-75: Building workspace] INFO  o.e.m.c.i.e.AbstractTransferListenerAdapter - Downloading https://repo.maven.apache.org/maven2/org/codehaus/plexus/plexus-compiler-manager/2.4/plexus-compiler-manager-2.4.pom
2019-10-31 17:03:39,814 [Worker-75: Building workspace] INFO  o.e.m.c.i.e.AbstractTransferListenerAdapter - Downloaded https://repo.maven.apache.org/maven2/org/codehaus/plexus/plexus-compiler-manager/2.4/plexus-compiler-manager-2.4.pom
2019-10-31 17:03:40,052 [Worker-75: Building workspace] INFO  o.e.m.c.i.e.AbstractTransferListenerAdapter - Downloading https://repo.maven.apache.org/maven2/org/codehaus/plexus/plexus-compiler-javac/2.4/plexus-compiler-javac-2.4.pom
2019-10-31 17:03:40,329 [Worker-75: Building workspace] INFO  o.e.m.c.i.e.AbstractTransferListenerAdapter - Downloaded https://repo.maven.apache.org/maven2/org/codehaus/plexus/plexus-compiler-javac/2.4/plexus-compiler-javac-2.4.pom
2019-10-31 17:03:40,570 [Worker-75: Building workspace] INFO  o.e.m.c.i.e.AbstractTransferListenerAdapter - Downloading https://repo.maven.apache.org/maven2/org/codehaus/plexus/plexus-compilers/2.4/plexus-compilers-2.4.pom
2019-10-31 17:03:40,810 [Worker-75: Building workspace] INFO  o.e.m.c.i.e.AbstractTransferListenerAdapter - Downloaded https://repo.maven.apache.org/maven2/org/codehaus/plexus/plexus-compilers/2.4/plexus-compilers-2.4.pom
2019-10-31 17:03:41,277 [Worker-75: Building workspace] INFO  o.e.m.c.i.e.AbstractTransferListenerAdapter - Downloading https://repo.maven.apache.org/maven2/org/codehaus/plexus/plexus-compiler-api/2.4/plexus-compiler-api-2.4.jar
2019-10-31 17:03:41,630 [Worker-75: Building workspace] INFO  o.e.m.c.i.e.AbstractTransferListenerAdapter - Downloaded https://repo.maven.apache.org/maven2/org/codehaus/plexus/plexus-compiler-api/2.4/plexus-compiler-api-2.4.jar
2019-10-31 17:03:41,857 [Worker-75: Building workspace] INFO  o.e.m.c.i.e.AbstractTransferListenerAdapter - Downloading https://repo.maven.apache.org/maven2/org/codehaus/plexus/plexus-compiler-manager/2.4/plexus-compiler-manager-2.4.jar
2019-10-31 17:03:42,135 [Worker-75: Building workspace] INFO  o.e.m.c.i.e.AbstractTransferListenerAdapter - Downloaded https://repo.maven.apache.org/maven2/org/codehaus/plexus/plexus-compiler-manager/2.4/plexus-compiler-manager-2.4.jar
2019-10-31 17:03:42,356 [Worker-75: Building workspace] INFO  o.e.m.c.i.e.AbstractTransferListenerAdapter - Downloading https://repo.maven.apache.org/maven2/org/codehaus/plexus/plexus-compiler-javac/2.4/plexus-compiler-javac-2.4.jar
2019-10-31 17:03:43,797 [Worker-75: Building workspace] INFO  o.e.m.c.i.e.AbstractTransferListenerAdapter - Downloaded https://repo.maven.apache.org/maven2/org/codehaus/plexus/plexus-compiler-javac/2.4/plexus-compiler-javac-2.4.jar
2019-10-31 17:03:44,396 [Worker-75: Building workspace] INFO  o.e.m.c.i.l.LifecycleMappingFactory - Using org.maven.ide.eclipse.wtp.WarLifecycleMapping lifecycle mapping for MavenProject: com.mycompany:session-demo:0.0.1-SNAPSHOT @ E:\SpringMVC\springmvc1\pom.xml.
2019-10-31 17:03:45,160 [Worker-75: Building workspace] INFO  o.e.m.c.i.e.AbstractTransferListenerAdapter - Downloading https://repo.maven.apache.org/maven2/org/apache/maven/plugins/maven-war-plugin/2.2/maven-war-plugin-2.2.pom
2019-10-31 17:03:45,411 [Worker-75: Building workspace] INFO  o.e.m.c.i.e.AbstractTransferListenerAdapter - Downloaded https://repo.maven.apache.org/maven2/org/apache/maven/plugins/maven-war-plugin/2.2/maven-war-plugin-2.2.pom
2019-10-31 17:03:46,361 [Worker-75: Building workspace] INFO  o.e.m.c.i.e.AbstractTransferListenerAdapter - Downloading https://repo.maven.apache.org/maven2/com/thoughtworks/xstream/xstream/1.3.1/xstream-1.3.1.pom
2019-10-31 17:03:46,589 [Worker-75: Building workspace] INFO  o.e.m.c.i.e.AbstractTransferListenerAdapter - Downloaded https://repo.maven.apache.org/maven2/com/thoughtworks/xstream/xstream/1.3.1/xstream-1.3.1.pom
2019-10-31 17:03:46,813 [Worker-75: Building workspace] INFO  o.e.m.c.i.e.AbstractTransferListenerAdapter - Downloading https://repo.maven.apache.org/maven2/com/thoughtworks/xstream/xstream-parent/1.3.1/xstream-parent-1.3.1.pom
2019-10-31 17:03:47,040 [Worker-75: Building workspace] INFO  o.e.m.c.i.e.AbstractTransferListenerAdapter - Downloaded https://repo.maven.apache.org/maven2/com/thoughtworks/xstream/xstream-parent/1.3.1/xstream-parent-1.3.1.pom
2019-10-31 17:03:47,268 [Worker-75: Building workspace] INFO  o.e.m.c.i.e.AbstractTransferListenerAdapter - Downloading https://repo.maven.apache.org/maven2/org/apache/maven/shared/maven-filtering/1.0-beta-2/maven-filtering-1.0-beta-2.pom
2019-10-31 17:03:47,495 [Worker-75: Building workspace] INFO  o.e.m.c.i.e.AbstractTransferListenerAdapter - Downloaded https://repo.maven.apache.org/maven2/org/apache/maven/shared/maven-filtering/1.0-beta-2/maven-filtering-1.0-beta-2.pom
2019-10-31 17:03:47,723 [Worker-75: Building workspace] INFO  o.e.m.c.i.e.AbstractTransferListenerAdapter - Downloading https://repo.maven.apache.org/maven2/org/apache/maven/shared/maven-shared-components/10/maven-shared-components-10.pom
2019-10-31 17:03:47,960 [Worker-75: Building workspace] INFO  o.e.m.c.i.e.AbstractTransferListenerAdapter - Downloaded https://repo.maven.apache.org/maven2/org/apache/maven/shared/maven-shared-components/10/maven-shared-components-10.pom
2019-10-31 17:03:48,224 [Worker-75: Building workspace] INFO  o.e.m.c.i.e.AbstractTransferListenerAdapter - Downloading https://repo.maven.apache.org/maven2/org/apache/maven/maven-parent/9/maven-parent-9.pom
2019-10-31 17:03:48,664 [Worker-75: Building workspace] INFO  o.e.m.c.i.e.AbstractTransferListenerAdapter - Downloaded https://repo.maven.apache.org/maven2/org/apache/maven/maven-parent/9/maven-parent-9.pom
2019-10-31 17:03:48,900 [Worker-75: Building workspace] INFO  o.e.m.c.i.e.AbstractTransferListenerAdapter - Downloading https://repo.maven.apache.org/maven2/org/codehaus/plexus/plexus-utils/1.5.6/plexus-utils-1.5.6.pom
2019-10-31 17:03:49,129 [Worker-75: Building workspace] INFO  o.e.m.c.i.e.AbstractTransferListenerAdapter - Downloaded https://repo.maven.apache.org/maven2/org/codehaus/plexus/plexus-utils/1.5.6/plexus-utils-1.5.6.pom
2019-10-31 17:03:49,354 [Worker-75: Building workspace] INFO  o.e.m.c.i.e.AbstractTransferListenerAdapter - Downloading https://repo.maven.apache.org/maven2/org/codehaus/plexus/plexus/1.0.12/plexus-1.0.12.pom
2019-10-31 17:03:49,584 [Worker-75: Building workspace] INFO  o.e.m.c.i.e.AbstractTransferListenerAdapter - Downloaded https://repo.maven.apache.org/maven2/org/codehaus/plexus/plexus/1.0.12/plexus-1.0.12.pom
2019-10-31 17:03:49,832 [Worker-75: Building workspace] INFO  o.e.m.c.i.e.AbstractTransferListenerAdapter - Downloading https://repo.maven.apache.org/maven2/org/codehaus/plexus/plexus-interpolation/1.6/plexus-interpolation-1.6.pom
2019-10-31 17:03:50,065 [Worker-75: Building workspace] INFO  o.e.m.c.i.e.AbstractTransferListenerAdapter - Downloaded https://repo.maven.apache.org/maven2/org/codehaus/plexus/plexus-interpolation/1.6/plexus-interpolation-1.6.pom
2019-10-31 17:03:50,318 [Worker-75: Building workspace] INFO  o.e.m.c.i.e.AbstractTransferListenerAdapter - Downloading https://repo.maven.apache.org/maven2/com/thoughtworks/xstream/xstream/1.3.1/xstream-1.3.1.jar
2019-10-31 17:03:54,578 [Worker-75: Building workspace] INFO  o.e.m.c.i.e.AbstractTransferListenerAdapter - Downloaded https://repo.maven.apache.org/maven2/com/thoughtworks/xstream/xstream/1.3.1/xstream-1.3.1.jar
2019-10-31 17:03:54,792 [Worker-75: Building workspace] INFO  o.e.m.c.i.e.AbstractTransferListenerAdapter - Downloading https://repo.maven.apache.org/maven2/org/apache/maven/shared/maven-filtering/1.0-beta-2/maven-filtering-1.0-beta-2.jar
2019-10-31 17:03:55,344 [Worker-75: Building workspace] INFO  o.e.m.c.i.e.AbstractTransferListenerAdapter - Downloaded https://repo.maven.apache.org/maven2/org/apache/maven/shared/maven-filtering/1.0-beta-2/maven-filtering-1.0-beta-2.jar
2019-10-31 17:03:57,002 [Worker-75: Building workspace] WARN  o.e.m.c.i.embedder.EclipseLogger - Using platform encoding (Cp1252 actually) to copy filtered resources, i.e. build is platform dependent!
2019-10-31 17:03:57,011 [Worker-75: Building workspace] INFO  o.e.m.c.i.embedder.EclipseLogger - skip non existing resourceDirectory E:\SpringMVC\springmvc1\src\main\resources
2019-10-31 17:03:57,013 [Worker-75: Building workspace] WARN  o.e.m.c.i.embedder.EclipseLogger - Using platform encoding (Cp1252 actually) to copy filtered resources, i.e. build is platform dependent!
2019-10-31 17:03:57,023 [Worker-75: Building workspace] INFO  o.e.m.c.i.embedder.EclipseLogger - skip non existing resourceDirectory E:\SpringMVC\springmvc1\src\test\resources
2019-10-31 17:03:57,024 [Worker-75: Building workspace] INFO  o.e.m.w.i.f.ResourceFilteringBuildParticipant - Changed resources require a complete clean of filtered resources of springmvc1
2019-10-31 17:03:57,024 [Worker-75: Building workspace] INFO  o.e.m.w.i.f.ResourceFilteringBuildParticipant - Executing resource filtering for springmvc1
2019-10-31 17:03:57,028 [Worker-75: Building workspace] WARN  o.e.m.c.i.embedder.EclipseLogger - Using platform encoding (Cp1252 actually) to copy filtered resources, i.e. build is platform dependent!
